<?xml version="1.0" encoding="UTF-8"?>
<!-- Generated by org.testng.reporters.JUnitXMLReporter -->
<testsuite hostname="IT1606511" ignored="0" name="Test Basics 1" tests="20" failures="20" timestamp="31 Oct 2020 12:51:06 GMT" time="13.27" errors="0">
  <testcase name="TestScenarioThree" time="2.98" classname="com_hackathon_test.HotelBooking">
    <failure type="java.lang.NullPointerException">
      <![CDATA[java.lang.NullPointerException
at com_hackathon_base.baseUI.takeScreenShotOnFailure(baseUI.java:435)
at com_hackathon_base.baseUI.reportFail(baseUI.java:424)
at com_hackathon_base.baseUI.invokeBrowser(baseUI.java:101)
at com_hackathon_test.HotelBooking.TestScenarioThree(HotelBooking.java:19)
at java.util.concurrent.ThreadPoolExecutor.runWorker(ThreadPoolExecutor.java:1149)
at java.util.concurrent.ThreadPoolExecutor$Worker.run(ThreadPoolExecutor.java:624)
at java.lang.Thread.run(Thread.java:748)
... Removed 10 stack frames]]>
    </failure>
  </testcase> <!-- TestScenarioThree -->
  <testcase name="testScenarioTwo" time="2.987" classname="com_hackathon_test.GroupGifting">
    <failure type="java.lang.NullPointerException">
      <![CDATA[java.lang.NullPointerException
at com_hackathon_base.baseUI.takeScreenShotOnFailure(baseUI.java:435)
at com_hackathon_base.baseUI.reportFail(baseUI.java:424)
at com_hackathon_base.baseUI.invokeBrowser(baseUI.java:101)
at com_hackathon_test.GroupGifting.testScenarioTwo(GroupGifting.java:20)
at java.util.concurrent.ThreadPoolExecutor.runWorker(ThreadPoolExecutor.java:1149)
at java.util.concurrent.ThreadPoolExecutor$Worker.run(ThreadPoolExecutor.java:624)
at java.lang.Thread.run(Thread.java:748)
... Removed 10 stack frames]]>
    </failure>
  </testcase> <!-- testScenarioTwo -->
  <testcase name="testScenarioOne" time="2.985" classname="com_hackathon_test.CabStationTest">
    <failure type="java.lang.NullPointerException">
      <![CDATA[java.lang.NullPointerException
at com_hackathon_base.baseUI.takeScreenShotOnFailure(baseUI.java:435)
at com_hackathon_base.baseUI.reportFail(baseUI.java:424)
at com_hackathon_base.baseUI.invokeBrowser(baseUI.java:101)
at com_hackathon_test.CabStationTest.testScenarioOne(CabStationTest.java:20)
at java.util.concurrent.ThreadPoolExecutor.runWorker(ThreadPoolExecutor.java:1149)
at java.util.concurrent.ThreadPoolExecutor$Worker.run(ThreadPoolExecutor.java:624)
at java.lang.Thread.run(Thread.java:748)
... Removed 10 stack frames]]>
    </failure>
  </testcase> <!-- testScenarioOne -->
  <testcase name="testScenarioOne" time="1.072" classname="com_hackathon_test.CabStationTest">
    <failure type="java.lang.NullPointerException">
      <![CDATA[java.lang.NullPointerException
at com_hackathon_base.baseUI.takeScreenShotOnFailure(baseUI.java:435)
at com_hackathon_base.baseUI.reportFail(baseUI.java:424)
at com_hackathon_base.baseUI.invokeBrowser(baseUI.java:101)
at com_hackathon_test.CabStationTest.testScenarioOne(CabStationTest.java:20)
at java.util.concurrent.ThreadPoolExecutor.runWorker(ThreadPoolExecutor.java:1149)
at java.util.concurrent.ThreadPoolExecutor$Worker.run(ThreadPoolExecutor.java:624)
at java.lang.Thread.run(Thread.java:748)
... Removed 10 stack frames]]>
    </failure>
  </testcase> <!-- testScenarioOne -->
  <testcase name="testScenarioTwo" time="1.093" classname="com_hackathon_test.GroupGifting">
    <failure type="java.lang.NullPointerException">
      <![CDATA[java.lang.NullPointerException
at com_hackathon_base.baseUI.takeScreenShotOnFailure(baseUI.java:435)
at com_hackathon_base.baseUI.reportFail(baseUI.java:424)
at com_hackathon_base.baseUI.invokeBrowser(baseUI.java:101)
at com_hackathon_test.GroupGifting.testScenarioTwo(GroupGifting.java:20)
at java.util.concurrent.ThreadPoolExecutor.runWorker(ThreadPoolExecutor.java:1149)
at java.util.concurrent.ThreadPoolExecutor$Worker.run(ThreadPoolExecutor.java:624)
at java.lang.Thread.run(Thread.java:748)
... Removed 10 stack frames]]>
    </failure>
  </testcase> <!-- testScenarioTwo -->
  <testcase name="testScenarioOne" time="1.039" classname="com_hackathon_test.CabStationTest">
    <failure type="java.lang.NullPointerException">
      <![CDATA[java.lang.NullPointerException
at com_hackathon_base.baseUI.takeScreenShotOnFailure(baseUI.java:435)
at com_hackathon_base.baseUI.reportFail(baseUI.java:424)
at com_hackathon_base.baseUI.invokeBrowser(baseUI.java:101)
at com_hackathon_test.CabStationTest.testScenarioOne(CabStationTest.java:20)
at java.util.concurrent.ThreadPoolExecutor.runWorker(ThreadPoolExecutor.java:1149)
at java.util.concurrent.ThreadPoolExecutor$Worker.run(ThreadPoolExecutor.java:624)
at java.lang.Thread.run(Thread.java:748)
... Removed 10 stack frames]]>
    </failure>
  </testcase> <!-- testScenarioOne -->
  <testcase name="testScenarioTwo" time="1.021" classname="com_hackathon_test.GroupGifting">
    <failure type="java.lang.NullPointerException">
      <![CDATA[java.lang.NullPointerException
at com_hackathon_base.baseUI.takeScreenShotOnFailure(baseUI.java:435)
at com_hackathon_base.baseUI.reportFail(baseUI.java:424)
at com_hackathon_base.baseUI.invokeBrowser(baseUI.java:101)
at com_hackathon_test.GroupGifting.testScenarioTwo(GroupGifting.java:20)
at java.util.concurrent.ThreadPoolExecutor.runWorker(ThreadPoolExecutor.java:1149)
at java.util.concurrent.ThreadPoolExecutor$Worker.run(ThreadPoolExecutor.java:624)
at java.lang.Thread.run(Thread.java:748)
... Removed 10 stack frames]]>
    </failure>
  </testcase> <!-- testScenarioTwo -->
  <testcase name="testScenarioTwo" time="1.021" classname="com_hackathon_test.GroupGifting">
    <failure type="java.lang.NullPointerException">
      <![CDATA[java.lang.NullPointerException
at com_hackathon_base.baseUI.takeScreenShotOnFailure(baseUI.java:435)
at com_hackathon_base.baseUI.reportFail(baseUI.java:424)
at com_hackathon_base.baseUI.invokeBrowser(baseUI.java:101)
at com_hackathon_test.GroupGifting.testScenarioTwo(GroupGifting.java:20)
at java.util.concurrent.ThreadPoolExecutor.runWorker(ThreadPoolExecutor.java:1149)
at java.util.concurrent.ThreadPoolExecutor$Worker.run(ThreadPoolExecutor.java:624)
at java.lang.Thread.run(Thread.java:748)
... Removed 10 stack frames]]>
    </failure>
  </testcase> <!-- testScenarioTwo -->
  <testcase name="testScenarioOne" time="1.036" classname="com_hackathon_test.CabStationTest">
    <failure type="java.lang.NullPointerException">
      <![CDATA[java.lang.NullPointerException
at com_hackathon_base.baseUI.takeScreenShotOnFailure(baseUI.java:435)
at com_hackathon_base.baseUI.reportFail(baseUI.java:424)
at com_hackathon_base.baseUI.invokeBrowser(baseUI.java:101)
at com_hackathon_test.CabStationTest.testScenarioOne(CabStationTest.java:20)
at java.util.concurrent.ThreadPoolExecutor.runWorker(ThreadPoolExecutor.java:1149)
at java.util.concurrent.ThreadPoolExecutor$Worker.run(ThreadPoolExecutor.java:624)
at java.lang.Thread.run(Thread.java:748)
... Removed 10 stack frames]]>
    </failure>
  </testcase> <!-- testScenarioOne -->
  <testcase name="testScenarioOne" time="1.031" classname="com_hackathon_test.CabStationTest">
    <failure type="java.lang.NullPointerException">
      <![CDATA[java.lang.NullPointerException
at com_hackathon_base.baseUI.takeScreenShotOnFailure(baseUI.java:435)
at com_hackathon_base.baseUI.reportFail(baseUI.java:424)
at com_hackathon_base.baseUI.invokeBrowser(baseUI.java:101)
at com_hackathon_test.CabStationTest.testScenarioOne(CabStationTest.java:20)
at java.util.concurrent.ThreadPoolExecutor.runWorker(ThreadPoolExecutor.java:1149)
at java.util.concurrent.ThreadPoolExecutor$Worker.run(ThreadPoolExecutor.java:624)
at java.lang.Thread.run(Thread.java:748)
... Removed 10 stack frames]]>
    </failure>
  </testcase> <!-- testScenarioOne -->
  <testcase name="testScenarioTwo" time="1.044" classname="com_hackathon_test.GroupGifting">
    <failure type="java.lang.NullPointerException">
      <![CDATA[java.lang.NullPointerException
at com_hackathon_base.baseUI.takeScreenShotOnFailure(baseUI.java:435)
at com_hackathon_base.baseUI.reportFail(baseUI.java:424)
at com_hackathon_base.baseUI.invokeBrowser(baseUI.java:101)
at com_hackathon_test.GroupGifting.testScenarioTwo(GroupGifting.java:20)
at java.util.concurrent.ThreadPoolExecutor.runWorker(ThreadPoolExecutor.java:1149)
at java.util.concurrent.ThreadPoolExecutor$Worker.run(ThreadPoolExecutor.java:624)
at java.lang.Thread.run(Thread.java:748)
... Removed 10 stack frames]]>
    </failure>
  </testcase> <!-- testScenarioTwo -->
  <testcase name="testScenarioOne" time="1.015" classname="com_hackathon_test.CabStationTest">
    <failure type="java.lang.NullPointerException">
      <![CDATA[java.lang.NullPointerException
at com_hackathon_base.baseUI.takeScreenShotOnFailure(baseUI.java:435)
at com_hackathon_base.baseUI.reportFail(baseUI.java:424)
at com_hackathon_base.baseUI.invokeBrowser(baseUI.java:101)
at com_hackathon_test.CabStationTest.testScenarioOne(CabStationTest.java:20)
at java.util.concurrent.ThreadPoolExecutor.runWorker(ThreadPoolExecutor.java:1149)
at java.util.concurrent.ThreadPoolExecutor$Worker.run(ThreadPoolExecutor.java:624)
at java.lang.Thread.run(Thread.java:748)
... Removed 10 stack frames]]>
    </failure>
  </testcase> <!-- testScenarioOne -->
  <testcase name="testScenarioTwo" time="1.022" classname="com_hackathon_test.GroupGifting">
    <failure type="java.lang.NullPointerException">
      <![CDATA[java.lang.NullPointerException
at com_hackathon_base.baseUI.takeScreenShotOnFailure(baseUI.java:435)
at com_hackathon_base.baseUI.reportFail(baseUI.java:424)
at com_hackathon_base.baseUI.invokeBrowser(baseUI.java:101)
at com_hackathon_test.GroupGifting.testScenarioTwo(GroupGifting.java:20)
at java.util.concurrent.ThreadPoolExecutor.runWorker(ThreadPoolExecutor.java:1149)
at java.util.concurrent.ThreadPoolExecutor$Worker.run(ThreadPoolExecutor.java:624)
at java.lang.Thread.run(Thread.java:748)
... Removed 10 stack frames]]>
    </failure>
  </testcase> <!-- testScenarioTwo -->
  <testcase name="testScenarioTwo" time="1.018" classname="com_hackathon_test.GroupGifting">
    <failure type="java.lang.NullPointerException">
      <![CDATA[java.lang.NullPointerException
at com_hackathon_base.baseUI.takeScreenShotOnFailure(baseUI.java:435)
at com_hackathon_base.baseUI.reportFail(baseUI.java:424)
at com_hackathon_base.baseUI.invokeBrowser(baseUI.java:101)
at com_hackathon_test.GroupGifting.testScenarioTwo(GroupGifting.java:20)
at java.util.concurrent.ThreadPoolExecutor.runWorker(ThreadPoolExecutor.java:1149)
at java.util.concurrent.ThreadPoolExecutor$Worker.run(ThreadPoolExecutor.java:624)
at java.lang.Thread.run(Thread.java:748)
... Removed 10 stack frames]]>
    </failure>
  </testcase> <!-- testScenarioTwo -->
  <testcase name="testScenarioOne" time="1.032" classname="com_hackathon_test.CabStationTest">
    <failure type="java.lang.NullPointerException">
      <![CDATA[java.lang.NullPointerException
at com_hackathon_base.baseUI.takeScreenShotOnFailure(baseUI.java:435)
at com_hackathon_base.baseUI.reportFail(baseUI.java:424)
at com_hackathon_base.baseUI.invokeBrowser(baseUI.java:101)
at com_hackathon_test.CabStationTest.testScenarioOne(CabStationTest.java:20)
at java.util.concurrent.ThreadPoolExecutor.runWorker(ThreadPoolExecutor.java:1149)
at java.util.concurrent.ThreadPoolExecutor$Worker.run(ThreadPoolExecutor.java:624)
at java.lang.Thread.run(Thread.java:748)
... Removed 10 stack frames]]>
    </failure>
  </testcase> <!-- testScenarioOne -->
  <testcase name="testScenarioTwo" time="1.031" classname="com_hackathon_test.GroupGifting">
    <failure type="java.lang.NullPointerException">
      <![CDATA[java.lang.NullPointerException
at com_hackathon_base.baseUI.takeScreenShotOnFailure(baseUI.java:435)
at com_hackathon_base.baseUI.reportFail(baseUI.java:424)
at com_hackathon_base.baseUI.invokeBrowser(baseUI.java:101)
at com_hackathon_test.GroupGifting.testScenarioTwo(GroupGifting.java:20)
at java.util.concurrent.ThreadPoolExecutor.runWorker(ThreadPoolExecutor.java:1149)
at java.util.concurrent.ThreadPoolExecutor$Worker.run(ThreadPoolExecutor.java:624)
at java.lang.Thread.run(Thread.java:748)
... Removed 10 stack frames]]>
    </failure>
  </testcase> <!-- testScenarioTwo -->
  <testcase name="testScenarioOne" time="1.026" classname="com_hackathon_test.CabStationTest">
    <failure type="java.lang.NullPointerException">
      <![CDATA[java.lang.NullPointerException
at com_hackathon_base.baseUI.takeScreenShotOnFailure(baseUI.java:435)
at com_hackathon_base.baseUI.reportFail(baseUI.java:424)
at com_hackathon_base.baseUI.invokeBrowser(baseUI.java:101)
at com_hackathon_test.CabStationTest.testScenarioOne(CabStationTest.java:20)
at java.util.concurrent.ThreadPoolExecutor.runWorker(ThreadPoolExecutor.java:1149)
at java.util.concurrent.ThreadPoolExecutor$Worker.run(ThreadPoolExecutor.java:624)
at java.lang.Thread.run(Thread.java:748)
... Removed 10 stack frames]]>
    </failure>
  </testcase> <!-- testScenarioOne -->
  <testcase name="testScenarioOne" time="1.018" classname="com_hackathon_test.CabStationTest">
    <failure type="java.lang.NullPointerException">
      <![CDATA[java.lang.NullPointerException
at com_hackathon_base.baseUI.takeScreenShotOnFailure(baseUI.java:435)
at com_hackathon_base.baseUI.reportFail(baseUI.java:424)
at com_hackathon_base.baseUI.invokeBrowser(baseUI.java:101)
at com_hackathon_test.CabStationTest.testScenarioOne(CabStationTest.java:20)
at java.util.concurrent.ThreadPoolExecutor.runWorker(ThreadPoolExecutor.java:1149)
at java.util.concurrent.ThreadPoolExecutor$Worker.run(ThreadPoolExecutor.java:624)
at java.lang.Thread.run(Thread.java:748)
... Removed 10 stack frames]]>
    </failure>
  </testcase> <!-- testScenarioOne -->
  <testcase name="testScenarioTwo" time="1.022" classname="com_hackathon_test.GroupGifting">
    <failure type="java.lang.NullPointerException">
      <![CDATA[java.lang.NullPointerException
at com_hackathon_base.baseUI.takeScreenShotOnFailure(baseUI.java:435)
at com_hackathon_base.baseUI.reportFail(baseUI.java:424)
at com_hackathon_base.baseUI.invokeBrowser(baseUI.java:101)
at com_hackathon_test.GroupGifting.testScenarioTwo(GroupGifting.java:20)
at java.util.concurrent.ThreadPoolExecutor.runWorker(ThreadPoolExecutor.java:1149)
at java.util.concurrent.ThreadPoolExecutor$Worker.run(ThreadPoolExecutor.java:624)
at java.lang.Thread.run(Thread.java:748)
... Removed 10 stack frames]]>
    </failure>
  </testcase> <!-- testScenarioTwo -->
  <testcase name="testScenarioTwo" time="1.017" classname="com_hackathon_test.GroupGifting">
    <failure type="java.lang.NullPointerException">
      <![CDATA[java.lang.NullPointerException
at com_hackathon_base.baseUI.takeScreenShotOnFailure(baseUI.java:435)
at com_hackathon_base.baseUI.reportFail(baseUI.java:424)
at com_hackathon_base.baseUI.invokeBrowser(baseUI.java:101)
at com_hackathon_test.GroupGifting.testScenarioTwo(GroupGifting.java:20)
at java.util.concurrent.ThreadPoolExecutor.runWorker(ThreadPoolExecutor.java:1149)
at java.util.concurrent.ThreadPoolExecutor$Worker.run(ThreadPoolExecutor.java:624)
at java.lang.Thread.run(Thread.java:748)
... Removed 10 stack frames]]>
    </failure>
  </testcase> <!-- testScenarioTwo -->
</testsuite> <!-- Test Basics 1 -->
