<?xml version="1.0" encoding="UTF-8"?>
<testsuite xmlns:xsi="http://www.w3.org/2001/XMLSchema-instance" xsi:noNamespaceSchemaLocation="https://maven.apache.org/surefire/maven-surefire-plugin/xsd/surefire-test-report-3.0.xsd" version="3.0" name="TestSuite" time="14.864" tests="20" errors="0" skipped="0" failures="20">
  <properties>
[...]
</properties>
  <testcase name="TestScenarioThree" classname="com_hackathon_test.HotelBooking" time="3.028">
    <failure type="java.lang.NullPointerException"><![CDATA[java.lang.NullPointerException
	at com_hackathon_test.HotelBooking.TestScenarioThree(HotelBooking.java:19)
]]></failure>
    <system-err><![CDATA[Oct 31, 2020 6:20:53 PM org.openqa.selenium.remote.DesiredCapabilities chrome
INFO: Using `new ChromeOptions()` is preferred to `DesiredCapabilities.chrome()`
Oct 31, 2020 6:20:53 PM org.openqa.selenium.remote.DesiredCapabilities firefox
INFO: Using `new FirefoxOptions()` is preferred to `DesiredCapabilities.firefox()`
Oct 31, 2020 6:20:53 PM org.openqa.selenium.remote.DesiredCapabilities chrome
INFO: Using `new ChromeOptions()` is preferred to `DesiredCapabilities.chrome()`
]]></system-err>
  </testcase>
  <testcase name="testScenarioTwo[1000, 6, john gopes, john@gmail.com, 1231231231, Suezeka nohara, sugdfgdf.com, sugdfgdf.com, 8909876780](1)" classname="com_hackathon_test.GroupGifting" time="3.03">
    <failure type="java.lang.NullPointerException"><![CDATA[java.lang.NullPointerException
	at com_hackathon_test.GroupGifting.testScenarioTwo(GroupGifting.java:20)
]]></failure>
  </testcase>
  <testcase name="testScenarioTwo[3000, 4, Shivani Sinha, abc@gmail.com, 6786781231, Nobita ghosh, .com, sugdfgdf.com, 8909812380](2)" classname="com_hackathon_test.GroupGifting" time="0.035">
    <failure type="java.lang.NullPointerException"><![CDATA[java.lang.NullPointerException
	at com_hackathon_test.GroupGifting.testScenarioTwo(GroupGifting.java:20)
]]></failure>
    <system-err><![CDATA[Oct 31, 2020 6:20:57 PM org.openqa.selenium.remote.DesiredCapabilities chrome
INFO: Using `new ChromeOptions()` is preferred to `DesiredCapabilities.chrome()`
]]></system-err>
  </testcase>
  <testcase name="testScenarioTwo[4000, 10, Kizzi basu, kaz@gmail.com, 4343231231, Dorera Hasina, gh@g.com, ab, 8909876780](3)" classname="com_hackathon_test.GroupGifting" time="0.023">
    <failure type="java.lang.NullPointerException"><![CDATA[java.lang.NullPointerException
	at com_hackathon_test.GroupGifting.testScenarioTwo(GroupGifting.java:20)
]]></failure>
    <system-err><![CDATA[Oct 31, 2020 6:20:58 PM org.openqa.selenium.remote.DesiredCapabilities chrome
INFO: Using `new ChromeOptions()` is preferred to `DesiredCapabilities.chrome()`
]]></system-err>
  </testcase>
  <testcase name="testScenarioTwo[5000, 5, james Christopher Loius, jamen@gmail.com, 9997876761, Eleana Criuise, eele, e@g.com, 8909876780](4)" classname="com_hackathon_test.GroupGifting" time="1.003">
    <failure type="java.lang.NullPointerException"><![CDATA[java.lang.NullPointerException
	at com_hackathon_test.GroupGifting.testScenarioTwo(GroupGifting.java:20)
]]></failure>
    <system-err><![CDATA[Oct 31, 2020 6:20:58 PM org.openqa.selenium.remote.DesiredCapabilities chrome
INFO: Using `new ChromeOptions()` is preferred to `DesiredCapabilities.chrome()`
]]></system-err>
  </testcase>
  <testcase name="testScenarioTwo[2000, 2, Mexi Columbus, max@gmail.com, 9831231231, Malica jenry, ..com, asgfjom, 0](5)" classname="com_hackathon_test.GroupGifting" time="1.019">
    <failure type="java.lang.NullPointerException"><![CDATA[java.lang.NullPointerException
	at com_hackathon_test.GroupGifting.testScenarioTwo(GroupGifting.java:20)
]]></failure>
  </testcase>
  <testcase name="testScenarioTwo[1000, 6, Brownn gopes, gopes@gmail.com, 9931231231, Yuzeka nohara, dfgdf.com, s, 8909876780](6)" classname="com_hackathon_test.GroupGifting" time="0.018">
    <failure type="java.lang.NullPointerException"><![CDATA[java.lang.NullPointerException
	at com_hackathon_test.GroupGifting.testScenarioTwo(GroupGifting.java:20)
]]></failure>
    <system-err><![CDATA[Oct 31, 2020 6:21:01 PM org.openqa.selenium.remote.DesiredCapabilities chrome
INFO: Using `new ChromeOptions()` is preferred to `DesiredCapabilities.chrome()`
]]></system-err>
  </testcase>
  <testcase name="testScenarioTwo[1000, 6, john gopes, john@gmail.com, 1231231231, Suezeka nohara, sugdfgdf.com, sugdfgdf.com, 8909876780](7)" classname="com_hackathon_test.GroupGifting" time="1.003">
    <failure type="java.lang.NullPointerException"><![CDATA[java.lang.NullPointerException
	at com_hackathon_test.GroupGifting.testScenarioTwo(GroupGifting.java:20)
]]></failure>
    <system-err><![CDATA[Oct 31, 2020 6:21:01 PM org.openqa.selenium.remote.DesiredCapabilities chrome
INFO: Using `new ChromeOptions()` is preferred to `DesiredCapabilities.chrome()`
]]></system-err>
  </testcase>
  <testcase name="testScenarioTwo[1000, 6, john gopes, john@gmail.com, 1231231231, Suezeka nohara, sugdfgdf.com, sugdfgdf.com, 8909876780](8)" classname="com_hackathon_test.GroupGifting" time="1.002">
    <failure type="java.lang.NullPointerException"><![CDATA[java.lang.NullPointerException
	at com_hackathon_test.GroupGifting.testScenarioTwo(GroupGifting.java:20)
]]></failure>
    <system-err><![CDATA[Oct 31, 2020 6:21:02 PM org.openqa.selenium.remote.DesiredCapabilities chrome
INFO: Using `new ChromeOptions()` is preferred to `DesiredCapabilities.chrome()`
]]></system-err>
  </testcase>
  <testcase name="testScenarioTwo[2000, 6, Drohny gopes, dnhn@gmail.com, 2031231231, Hazeka Kafin, sugd, om, 8909876780](9)" classname="com_hackathon_test.GroupGifting" time="1.005">
    <failure type="java.lang.NullPointerException"><![CDATA[java.lang.NullPointerException
	at com_hackathon_test.GroupGifting.testScenarioTwo(GroupGifting.java:20)
]]></failure>
  </testcase>
  <testcase name="testScenarioTwo[1000, 2, Nancy gopes, nan@gmail.com, 9090231231, Priya sinha, yahoo, yahoo, 8909876780](10)" classname="com_hackathon_test.GroupGifting" time="1.016">
    <failure type="java.lang.NullPointerException"><![CDATA[java.lang.NullPointerException
	at com_hackathon_test.GroupGifting.testScenarioTwo(GroupGifting.java:20)
]]></failure>
    <system-err><![CDATA[Oct 31, 2020 6:21:04 PM org.openqa.selenium.remote.DesiredCapabilities chrome
INFO: Using `new ChromeOptions()` is preferred to `DesiredCapabilities.chrome()`
]]></system-err>
  </testcase>
  <testcase name="testScenarioOne[Delhi, Manali, 23/12/2020, 17](1)" classname="com_hackathon_test.CabStationTest" time="3.03">
    <failure type="java.lang.NullPointerException"><![CDATA[java.lang.NullPointerException
	at com_hackathon_test.CabStationTest.testScenarioOne(CabStationTest.java:20)
]]></failure>
  </testcase>
  <testcase name="testScenarioOne[Mumbai, Goa, 23/12/2020, 5](2)" classname="com_hackathon_test.CabStationTest" time="1.037">
    <failure type="java.lang.NullPointerException"><![CDATA[java.lang.NullPointerException
	at com_hackathon_test.CabStationTest.testScenarioOne(CabStationTest.java:20)
]]></failure>
    <system-err><![CDATA[Oct 31, 2020 6:20:56 PM org.openqa.selenium.remote.DesiredCapabilities chrome
INFO: Using `new ChromeOptions()` is preferred to `DesiredCapabilities.chrome()`
Oct 31, 2020 6:20:56 PM org.openqa.selenium.remote.DesiredCapabilities chrome
INFO: Using `new ChromeOptions()` is preferred to `DesiredCapabilities.chrome()`
]]></system-err>
  </testcase>
  <testcase name="testScenarioOne[Nagpur, Pune, 22/12/2020, 7](3)" classname="com_hackathon_test.CabStationTest" time="1.005">
    <failure type="java.lang.NullPointerException"><![CDATA[java.lang.NullPointerException
	at com_hackathon_test.CabStationTest.testScenarioOne(CabStationTest.java:20)
]]></failure>
    <system-err><![CDATA[Oct 31, 2020 6:20:57 PM org.openqa.selenium.remote.DesiredCapabilities chrome
INFO: Using `new ChromeOptions()` is preferred to `DesiredCapabilities.chrome()`
]]></system-err>
  </testcase>
  <testcase name="testScenarioOne[Kolkata, Durgapur, 22/11/2020, 8](4)" classname="com_hackathon_test.CabStationTest" time="0.024">
    <failure type="java.lang.NullPointerException"><![CDATA[java.lang.NullPointerException
	at com_hackathon_test.CabStationTest.testScenarioOne(CabStationTest.java:20)
]]></failure>
    <system-err><![CDATA[Oct 31, 2020 6:20:59 PM org.openqa.selenium.remote.DesiredCapabilities chrome
INFO: Using `new ChromeOptions()` is preferred to `DesiredCapabilities.chrome()`
]]></system-err>
  </testcase>
  <testcase name="testScenarioOne[Chennai, Coimbatore, 3/12/2020, 18](5)" classname="com_hackathon_test.CabStationTest" time="1.019">
    <failure type="java.lang.NullPointerException"><![CDATA[java.lang.NullPointerException
	at com_hackathon_test.CabStationTest.testScenarioOne(CabStationTest.java:20)
]]></failure>
    <system-err><![CDATA[Oct 31, 2020 6:20:59 PM org.openqa.selenium.remote.DesiredCapabilities chrome
INFO: Using `new ChromeOptions()` is preferred to `DesiredCapabilities.chrome()`
]]></system-err>
  </testcase>
  <testcase name="testScenarioOne[Kerala, Coimbatore, 27/12/2020, 3](6)" classname="com_hackathon_test.CabStationTest" time="1.019">
    <failure type="java.lang.NullPointerException"><![CDATA[java.lang.NullPointerException
	at com_hackathon_test.CabStationTest.testScenarioOne(CabStationTest.java:20)
]]></failure>
    <system-err><![CDATA[Oct 31, 2020 6:21:00 PM org.openqa.selenium.remote.DesiredCapabilities chrome
INFO: Using `new ChromeOptions()` is preferred to `DesiredCapabilities.chrome()`
Oct 31, 2020 6:21:00 PM org.openqa.selenium.remote.DesiredCapabilities chrome
INFO: Using `new ChromeOptions()` is preferred to `DesiredCapabilities.chrome()`
]]></system-err>
  </testcase>
  <testcase name="testScenarioOne[Delhi, Haryana, 2/1/2021, 9](7)" classname="com_hackathon_test.CabStationTest" time="0.03">
    <failure type="java.lang.NullPointerException"><![CDATA[java.lang.NullPointerException
	at com_hackathon_test.CabStationTest.testScenarioOne(CabStationTest.java:20)
]]></failure>
    <system-err><![CDATA[Oct 31, 2020 6:21:02 PM org.openqa.selenium.remote.DesiredCapabilities chrome
INFO: Using `new ChromeOptions()` is preferred to `DesiredCapabilities.chrome()`
]]></system-err>
  </testcase>
  <testcase name="testScenarioOne[Kodaikanal, Chennai, 23/12/2020, 9](8)" classname="com_hackathon_test.CabStationTest" time="0">
    <failure type="java.lang.NullPointerException"><![CDATA[java.lang.NullPointerException
	at com_hackathon_test.CabStationTest.testScenarioOne(CabStationTest.java:20)
]]></failure>
    <system-err><![CDATA[Oct 31, 2020 6:21:03 PM org.openqa.selenium.remote.DesiredCapabilities chrome
INFO: Using `new ChromeOptions()` is preferred to `DesiredCapabilities.chrome()`
]]></system-err>
  </testcase>
  <testcase name="testScenarioOne[Kolkata, Delhi, 4/11/2020, 8](9)" classname="com_hackathon_test.CabStationTest" time="1.005">
    <failure type="java.lang.NullPointerException"><![CDATA[java.lang.NullPointerException
	at com_hackathon_test.CabStationTest.testScenarioOne(CabStationTest.java:20)
]]></failure>
    <system-err><![CDATA[Oct 31, 2020 6:21:03 PM org.openqa.selenium.remote.DesiredCapabilities chrome
INFO: Using `new ChromeOptions()` is preferred to `DesiredCapabilities.chrome()`
]]></system-err>
  </testcase>
</testsuite>