<?xml version="1.0" encoding="UTF-8"?>
<testng-results skipped="0" failed="20" ignored="0" total="20" passed="0">
  <reporter-output>
  </reporter-output>
  <suite name="Grid Suite" duration-ms="13270" started-at="2020-10-31T12:50:53Z" finished-at="2020-10-31T12:51:06Z">
    <groups>
    </groups>
    <test name="Test Basics 1" duration-ms="13270" started-at="2020-10-31T12:50:53Z" finished-at="2020-10-31T12:51:06Z">
      <class name="com_hackathon_test.GroupGifting">
        <test-method status="FAIL" signature="testScenarioTwo(java.lang.String, java.lang.String, java.lang.String, java.lang.String, java.lang.String, java.lang.String, java.lang.String, java.lang.String, java.lang.String)[pri:0, instance:com_hackathon_test.GroupGifting@13c27452]" name="testScenarioTwo" duration-ms="2987" started-at="2020-10-31T12:50:53Z" data-provider="testTwoData" finished-at="2020-10-31T12:50:56Z">
          <params>
            <param index="0">
              <value>
                <![CDATA[1000]]>
              </value>
            </param>
            <param index="1">
              <value>
                <![CDATA[6]]>
              </value>
            </param>
            <param index="2">
              <value>
                <![CDATA[john gopes]]>
              </value>
            </param>
            <param index="3">
              <value>
                <![CDATA[john@gmail.com]]>
              </value>
            </param>
            <param index="4">
              <value>
                <![CDATA[1231231231]]>
              </value>
            </param>
            <param index="5">
              <value>
                <![CDATA[Suezeka nohara]]>
              </value>
            </param>
            <param index="6">
              <value>
                <![CDATA[sugdfgdf.com]]>
              </value>
            </param>
            <param index="7">
              <value>
                <![CDATA[sugdfgdf.com]]>
              </value>
            </param>
            <param index="8">
              <value>
                <![CDATA[8909876780]]>
              </value>
            </param>
          </params>
          <exception class="java.lang.NullPointerException">
            <full-stacktrace>
              <![CDATA[java.lang.NullPointerException
at com_hackathon_base.baseUI.takeScreenShotOnFailure(baseUI.java:435)
at com_hackathon_base.baseUI.reportFail(baseUI.java:424)
at com_hackathon_base.baseUI.invokeBrowser(baseUI.java:101)
at com_hackathon_test.GroupGifting.testScenarioTwo(GroupGifting.java:20)
at sun.reflect.NativeMethodAccessorImpl.invoke0(Native Method)
at sun.reflect.NativeMethodAccessorImpl.invoke(NativeMethodAccessorImpl.java:62)
at sun.reflect.DelegatingMethodAccessorImpl.invoke(DelegatingMethodAccessorImpl.java:43)
at java.lang.reflect.Method.invoke(Method.java:498)
at org.testng.internal.MethodInvocationHelper.invokeMethod(MethodInvocationHelper.java:124)
at org.testng.internal.Invoker.invokeMethod(Invoker.java:583)
at org.testng.internal.Invoker.invokeTestMethod(Invoker.java:719)
at org.testng.internal.Invoker.invokeTestMethods(Invoker.java:989)
at org.testng.internal.TestMethodWorker.invokeTestMethods(TestMethodWorker.java:125)
at org.testng.internal.TestMethodWorker.run(TestMethodWorker.java:109)
at java.util.concurrent.ThreadPoolExecutor.runWorker(ThreadPoolExecutor.java:1149)
at java.util.concurrent.ThreadPoolExecutor$Worker.run(ThreadPoolExecutor.java:624)
at java.lang.Thread.run(Thread.java:748)
]]>
            </full-stacktrace>
          </exception> <!-- java.lang.NullPointerException -->
          <reporter-output>
          </reporter-output>
        </test-method> <!-- testScenarioTwo -->
        <test-method status="FAIL" signature="testScenarioTwo(java.lang.String, java.lang.String, java.lang.String, java.lang.String, java.lang.String, java.lang.String, java.lang.String, java.lang.String, java.lang.String)[pri:0, instance:com_hackathon_test.GroupGifting@13c27452]" name="testScenarioTwo" duration-ms="1093" started-at="2020-10-31T12:50:56Z" data-provider="testTwoData" finished-at="2020-10-31T12:50:57Z">
          <params>
            <param index="0">
              <value>
                <![CDATA[3000]]>
              </value>
            </param>
            <param index="1">
              <value>
                <![CDATA[4]]>
              </value>
            </param>
            <param index="2">
              <value>
                <![CDATA[Shivani Sinha]]>
              </value>
            </param>
            <param index="3">
              <value>
                <![CDATA[abc@gmail.com]]>
              </value>
            </param>
            <param index="4">
              <value>
                <![CDATA[6786781231]]>
              </value>
            </param>
            <param index="5">
              <value>
                <![CDATA[Nobita ghosh]]>
              </value>
            </param>
            <param index="6">
              <value>
                <![CDATA[.com]]>
              </value>
            </param>
            <param index="7">
              <value>
                <![CDATA[sugdfgdf.com]]>
              </value>
            </param>
            <param index="8">
              <value>
                <![CDATA[8909812380]]>
              </value>
            </param>
          </params>
          <exception class="java.lang.NullPointerException">
            <full-stacktrace>
              <![CDATA[java.lang.NullPointerException
at com_hackathon_base.baseUI.takeScreenShotOnFailure(baseUI.java:435)
at com_hackathon_base.baseUI.reportFail(baseUI.java:424)
at com_hackathon_base.baseUI.invokeBrowser(baseUI.java:101)
at com_hackathon_test.GroupGifting.testScenarioTwo(GroupGifting.java:20)
at sun.reflect.NativeMethodAccessorImpl.invoke0(Native Method)
at sun.reflect.NativeMethodAccessorImpl.invoke(NativeMethodAccessorImpl.java:62)
at sun.reflect.DelegatingMethodAccessorImpl.invoke(DelegatingMethodAccessorImpl.java:43)
at java.lang.reflect.Method.invoke(Method.java:498)
at org.testng.internal.MethodInvocationHelper.invokeMethod(MethodInvocationHelper.java:124)
at org.testng.internal.Invoker.invokeMethod(Invoker.java:583)
at org.testng.internal.Invoker.invokeTestMethod(Invoker.java:719)
at org.testng.internal.Invoker.invokeTestMethods(Invoker.java:989)
at org.testng.internal.TestMethodWorker.invokeTestMethods(TestMethodWorker.java:125)
at org.testng.internal.TestMethodWorker.run(TestMethodWorker.java:109)
at java.util.concurrent.ThreadPoolExecutor.runWorker(ThreadPoolExecutor.java:1149)
at java.util.concurrent.ThreadPoolExecutor$Worker.run(ThreadPoolExecutor.java:624)
at java.lang.Thread.run(Thread.java:748)
]]>
            </full-stacktrace>
          </exception> <!-- java.lang.NullPointerException -->
          <reporter-output>
          </reporter-output>
        </test-method> <!-- testScenarioTwo -->
        <test-method status="FAIL" signature="testScenarioTwo(java.lang.String, java.lang.String, java.lang.String, java.lang.String, java.lang.String, java.lang.String, java.lang.String, java.lang.String, java.lang.String)[pri:0, instance:com_hackathon_test.GroupGifting@13c27452]" name="testScenarioTwo" duration-ms="1021" started-at="2020-10-31T12:50:57Z" data-provider="testTwoData" finished-at="2020-10-31T12:50:58Z">
          <params>
            <param index="0">
              <value>
                <![CDATA[4000]]>
              </value>
            </param>
            <param index="1">
              <value>
                <![CDATA[10]]>
              </value>
            </param>
            <param index="2">
              <value>
                <![CDATA[Kizzi basu]]>
              </value>
            </param>
            <param index="3">
              <value>
                <![CDATA[kaz@gmail.com]]>
              </value>
            </param>
            <param index="4">
              <value>
                <![CDATA[4343231231]]>
              </value>
            </param>
            <param index="5">
              <value>
                <![CDATA[Dorera Hasina]]>
              </value>
            </param>
            <param index="6">
              <value>
                <![CDATA[gh@g.com]]>
              </value>
            </param>
            <param index="7">
              <value>
                <![CDATA[ab]]>
              </value>
            </param>
            <param index="8">
              <value>
                <![CDATA[8909876780]]>
              </value>
            </param>
          </params>
          <exception class="java.lang.NullPointerException">
            <full-stacktrace>
              <![CDATA[java.lang.NullPointerException
at com_hackathon_base.baseUI.takeScreenShotOnFailure(baseUI.java:435)
at com_hackathon_base.baseUI.reportFail(baseUI.java:424)
at com_hackathon_base.baseUI.invokeBrowser(baseUI.java:101)
at com_hackathon_test.GroupGifting.testScenarioTwo(GroupGifting.java:20)
at sun.reflect.NativeMethodAccessorImpl.invoke0(Native Method)
at sun.reflect.NativeMethodAccessorImpl.invoke(NativeMethodAccessorImpl.java:62)
at sun.reflect.DelegatingMethodAccessorImpl.invoke(DelegatingMethodAccessorImpl.java:43)
at java.lang.reflect.Method.invoke(Method.java:498)
at org.testng.internal.MethodInvocationHelper.invokeMethod(MethodInvocationHelper.java:124)
at org.testng.internal.Invoker.invokeMethod(Invoker.java:583)
at org.testng.internal.Invoker.invokeTestMethod(Invoker.java:719)
at org.testng.internal.Invoker.invokeTestMethods(Invoker.java:989)
at org.testng.internal.TestMethodWorker.invokeTestMethods(TestMethodWorker.java:125)
at org.testng.internal.TestMethodWorker.run(TestMethodWorker.java:109)
at java.util.concurrent.ThreadPoolExecutor.runWorker(ThreadPoolExecutor.java:1149)
at java.util.concurrent.ThreadPoolExecutor$Worker.run(ThreadPoolExecutor.java:624)
at java.lang.Thread.run(Thread.java:748)
]]>
            </full-stacktrace>
          </exception> <!-- java.lang.NullPointerException -->
          <reporter-output>
          </reporter-output>
        </test-method> <!-- testScenarioTwo -->
        <test-method status="FAIL" signature="testScenarioTwo(java.lang.String, java.lang.String, java.lang.String, java.lang.String, java.lang.String, java.lang.String, java.lang.String, java.lang.String, java.lang.String)[pri:0, instance:com_hackathon_test.GroupGifting@13c27452]" name="testScenarioTwo" duration-ms="1021" started-at="2020-10-31T12:50:58Z" data-provider="testTwoData" finished-at="2020-10-31T12:50:59Z">
          <params>
            <param index="0">
              <value>
                <![CDATA[5000]]>
              </value>
            </param>
            <param index="1">
              <value>
                <![CDATA[5]]>
              </value>
            </param>
            <param index="2">
              <value>
                <![CDATA[james Christopher Loius]]>
              </value>
            </param>
            <param index="3">
              <value>
                <![CDATA[jamen@gmail.com]]>
              </value>
            </param>
            <param index="4">
              <value>
                <![CDATA[9997876761]]>
              </value>
            </param>
            <param index="5">
              <value>
                <![CDATA[Eleana Criuise]]>
              </value>
            </param>
            <param index="6">
              <value>
                <![CDATA[eele]]>
              </value>
            </param>
            <param index="7">
              <value>
                <![CDATA[e@g.com]]>
              </value>
            </param>
            <param index="8">
              <value>
                <![CDATA[8909876780]]>
              </value>
            </param>
          </params>
          <exception class="java.lang.NullPointerException">
            <full-stacktrace>
              <![CDATA[java.lang.NullPointerException
at com_hackathon_base.baseUI.takeScreenShotOnFailure(baseUI.java:435)
at com_hackathon_base.baseUI.reportFail(baseUI.java:424)
at com_hackathon_base.baseUI.invokeBrowser(baseUI.java:101)
at com_hackathon_test.GroupGifting.testScenarioTwo(GroupGifting.java:20)
at sun.reflect.NativeMethodAccessorImpl.invoke0(Native Method)
at sun.reflect.NativeMethodAccessorImpl.invoke(NativeMethodAccessorImpl.java:62)
at sun.reflect.DelegatingMethodAccessorImpl.invoke(DelegatingMethodAccessorImpl.java:43)
at java.lang.reflect.Method.invoke(Method.java:498)
at org.testng.internal.MethodInvocationHelper.invokeMethod(MethodInvocationHelper.java:124)
at org.testng.internal.Invoker.invokeMethod(Invoker.java:583)
at org.testng.internal.Invoker.invokeTestMethod(Invoker.java:719)
at org.testng.internal.Invoker.invokeTestMethods(Invoker.java:989)
at org.testng.internal.TestMethodWorker.invokeTestMethods(TestMethodWorker.java:125)
at org.testng.internal.TestMethodWorker.run(TestMethodWorker.java:109)
at java.util.concurrent.ThreadPoolExecutor.runWorker(ThreadPoolExecutor.java:1149)
at java.util.concurrent.ThreadPoolExecutor$Worker.run(ThreadPoolExecutor.java:624)
at java.lang.Thread.run(Thread.java:748)
]]>
            </full-stacktrace>
          </exception> <!-- java.lang.NullPointerException -->
          <reporter-output>
          </reporter-output>
        </test-method> <!-- testScenarioTwo -->
        <test-method status="FAIL" signature="testScenarioTwo(java.lang.String, java.lang.String, java.lang.String, java.lang.String, java.lang.String, java.lang.String, java.lang.String, java.lang.String, java.lang.String)[pri:0, instance:com_hackathon_test.GroupGifting@13c27452]" name="testScenarioTwo" duration-ms="1044" started-at="2020-10-31T12:50:59Z" data-provider="testTwoData" finished-at="2020-10-31T12:51:00Z">
          <params>
            <param index="0">
              <value>
                <![CDATA[2000]]>
              </value>
            </param>
            <param index="1">
              <value>
                <![CDATA[2]]>
              </value>
            </param>
            <param index="2">
              <value>
                <![CDATA[Mexi Columbus]]>
              </value>
            </param>
            <param index="3">
              <value>
                <![CDATA[max@gmail.com]]>
              </value>
            </param>
            <param index="4">
              <value>
                <![CDATA[9831231231]]>
              </value>
            </param>
            <param index="5">
              <value>
                <![CDATA[Malica jenry]]>
              </value>
            </param>
            <param index="6">
              <value>
                <![CDATA[..com]]>
              </value>
            </param>
            <param index="7">
              <value>
                <![CDATA[asgfjom]]>
              </value>
            </param>
            <param index="8">
              <value>
                <![CDATA[0]]>
              </value>
            </param>
          </params>
          <exception class="java.lang.NullPointerException">
            <full-stacktrace>
              <![CDATA[java.lang.NullPointerException
at com_hackathon_base.baseUI.takeScreenShotOnFailure(baseUI.java:435)
at com_hackathon_base.baseUI.reportFail(baseUI.java:424)
at com_hackathon_base.baseUI.invokeBrowser(baseUI.java:101)
at com_hackathon_test.GroupGifting.testScenarioTwo(GroupGifting.java:20)
at sun.reflect.NativeMethodAccessorImpl.invoke0(Native Method)
at sun.reflect.NativeMethodAccessorImpl.invoke(NativeMethodAccessorImpl.java:62)
at sun.reflect.DelegatingMethodAccessorImpl.invoke(DelegatingMethodAccessorImpl.java:43)
at java.lang.reflect.Method.invoke(Method.java:498)
at org.testng.internal.MethodInvocationHelper.invokeMethod(MethodInvocationHelper.java:124)
at org.testng.internal.Invoker.invokeMethod(Invoker.java:583)
at org.testng.internal.Invoker.invokeTestMethod(Invoker.java:719)
at org.testng.internal.Invoker.invokeTestMethods(Invoker.java:989)
at org.testng.internal.TestMethodWorker.invokeTestMethods(TestMethodWorker.java:125)
at org.testng.internal.TestMethodWorker.run(TestMethodWorker.java:109)
at java.util.concurrent.ThreadPoolExecutor.runWorker(ThreadPoolExecutor.java:1149)
at java.util.concurrent.ThreadPoolExecutor$Worker.run(ThreadPoolExecutor.java:624)
at java.lang.Thread.run(Thread.java:748)
]]>
            </full-stacktrace>
          </exception> <!-- java.lang.NullPointerException -->
          <reporter-output>
          </reporter-output>
        </test-method> <!-- testScenarioTwo -->
        <test-method status="FAIL" signature="testScenarioTwo(java.lang.String, java.lang.String, java.lang.String, java.lang.String, java.lang.String, java.lang.String, java.lang.String, java.lang.String, java.lang.String)[pri:0, instance:com_hackathon_test.GroupGifting@13c27452]" name="testScenarioTwo" duration-ms="1022" started-at="2020-10-31T12:51:00Z" data-provider="testTwoData" finished-at="2020-10-31T12:51:01Z">
          <params>
            <param index="0">
              <value>
                <![CDATA[1000]]>
              </value>
            </param>
            <param index="1">
              <value>
                <![CDATA[6]]>
              </value>
            </param>
            <param index="2">
              <value>
                <![CDATA[Brownn gopes]]>
              </value>
            </param>
            <param index="3">
              <value>
                <![CDATA[gopes@gmail.com]]>
              </value>
            </param>
            <param index="4">
              <value>
                <![CDATA[9931231231]]>
              </value>
            </param>
            <param index="5">
              <value>
                <![CDATA[Yuzeka nohara]]>
              </value>
            </param>
            <param index="6">
              <value>
                <![CDATA[dfgdf.com]]>
              </value>
            </param>
            <param index="7">
              <value>
                <![CDATA[s]]>
              </value>
            </param>
            <param index="8">
              <value>
                <![CDATA[8909876780]]>
              </value>
            </param>
          </params>
          <exception class="java.lang.NullPointerException">
            <full-stacktrace>
              <![CDATA[java.lang.NullPointerException
at com_hackathon_base.baseUI.takeScreenShotOnFailure(baseUI.java:435)
at com_hackathon_base.baseUI.reportFail(baseUI.java:424)
at com_hackathon_base.baseUI.invokeBrowser(baseUI.java:101)
at com_hackathon_test.GroupGifting.testScenarioTwo(GroupGifting.java:20)
at sun.reflect.NativeMethodAccessorImpl.invoke0(Native Method)
at sun.reflect.NativeMethodAccessorImpl.invoke(NativeMethodAccessorImpl.java:62)
at sun.reflect.DelegatingMethodAccessorImpl.invoke(DelegatingMethodAccessorImpl.java:43)
at java.lang.reflect.Method.invoke(Method.java:498)
at org.testng.internal.MethodInvocationHelper.invokeMethod(MethodInvocationHelper.java:124)
at org.testng.internal.Invoker.invokeMethod(Invoker.java:583)
at org.testng.internal.Invoker.invokeTestMethod(Invoker.java:719)
at org.testng.internal.Invoker.invokeTestMethods(Invoker.java:989)
at org.testng.internal.TestMethodWorker.invokeTestMethods(TestMethodWorker.java:125)
at org.testng.internal.TestMethodWorker.run(TestMethodWorker.java:109)
at java.util.concurrent.ThreadPoolExecutor.runWorker(ThreadPoolExecutor.java:1149)
at java.util.concurrent.ThreadPoolExecutor$Worker.run(ThreadPoolExecutor.java:624)
at java.lang.Thread.run(Thread.java:748)
]]>
            </full-stacktrace>
          </exception> <!-- java.lang.NullPointerException -->
          <reporter-output>
          </reporter-output>
        </test-method> <!-- testScenarioTwo -->
        <test-method status="FAIL" signature="testScenarioTwo(java.lang.String, java.lang.String, java.lang.String, java.lang.String, java.lang.String, java.lang.String, java.lang.String, java.lang.String, java.lang.String)[pri:0, instance:com_hackathon_test.GroupGifting@13c27452]" name="testScenarioTwo" duration-ms="1018" started-at="2020-10-31T12:51:01Z" data-provider="testTwoData" finished-at="2020-10-31T12:51:02Z">
          <params>
            <param index="0">
              <value>
                <![CDATA[1000]]>
              </value>
            </param>
            <param index="1">
              <value>
                <![CDATA[6]]>
              </value>
            </param>
            <param index="2">
              <value>
                <![CDATA[john gopes]]>
              </value>
            </param>
            <param index="3">
              <value>
                <![CDATA[john@gmail.com]]>
              </value>
            </param>
            <param index="4">
              <value>
                <![CDATA[1231231231]]>
              </value>
            </param>
            <param index="5">
              <value>
                <![CDATA[Suezeka nohara]]>
              </value>
            </param>
            <param index="6">
              <value>
                <![CDATA[sugdfgdf.com]]>
              </value>
            </param>
            <param index="7">
              <value>
                <![CDATA[sugdfgdf.com]]>
              </value>
            </param>
            <param index="8">
              <value>
                <![CDATA[8909876780]]>
              </value>
            </param>
          </params>
          <exception class="java.lang.NullPointerException">
            <full-stacktrace>
              <![CDATA[java.lang.NullPointerException
at com_hackathon_base.baseUI.takeScreenShotOnFailure(baseUI.java:435)
at com_hackathon_base.baseUI.reportFail(baseUI.java:424)
at com_hackathon_base.baseUI.invokeBrowser(baseUI.java:101)
at com_hackathon_test.GroupGifting.testScenarioTwo(GroupGifting.java:20)
at sun.reflect.NativeMethodAccessorImpl.invoke0(Native Method)
at sun.reflect.NativeMethodAccessorImpl.invoke(NativeMethodAccessorImpl.java:62)
at sun.reflect.DelegatingMethodAccessorImpl.invoke(DelegatingMethodAccessorImpl.java:43)
at java.lang.reflect.Method.invoke(Method.java:498)
at org.testng.internal.MethodInvocationHelper.invokeMethod(MethodInvocationHelper.java:124)
at org.testng.internal.Invoker.invokeMethod(Invoker.java:583)
at org.testng.internal.Invoker.invokeTestMethod(Invoker.java:719)
at org.testng.internal.Invoker.invokeTestMethods(Invoker.java:989)
at org.testng.internal.TestMethodWorker.invokeTestMethods(TestMethodWorker.java:125)
at org.testng.internal.TestMethodWorker.run(TestMethodWorker.java:109)
at java.util.concurrent.ThreadPoolExecutor.runWorker(ThreadPoolExecutor.java:1149)
at java.util.concurrent.ThreadPoolExecutor$Worker.run(ThreadPoolExecutor.java:624)
at java.lang.Thread.run(Thread.java:748)
]]>
            </full-stacktrace>
          </exception> <!-- java.lang.NullPointerException -->
          <reporter-output>
          </reporter-output>
        </test-method> <!-- testScenarioTwo -->
        <test-method status="FAIL" signature="testScenarioTwo(java.lang.String, java.lang.String, java.lang.String, java.lang.String, java.lang.String, java.lang.String, java.lang.String, java.lang.String, java.lang.String)[pri:0, instance:com_hackathon_test.GroupGifting@13c27452]" name="testScenarioTwo" duration-ms="1031" started-at="2020-10-31T12:51:02Z" data-provider="testTwoData" finished-at="2020-10-31T12:51:03Z">
          <params>
            <param index="0">
              <value>
                <![CDATA[1000]]>
              </value>
            </param>
            <param index="1">
              <value>
                <![CDATA[6]]>
              </value>
            </param>
            <param index="2">
              <value>
                <![CDATA[john gopes]]>
              </value>
            </param>
            <param index="3">
              <value>
                <![CDATA[john@gmail.com]]>
              </value>
            </param>
            <param index="4">
              <value>
                <![CDATA[1231231231]]>
              </value>
            </param>
            <param index="5">
              <value>
                <![CDATA[Suezeka nohara]]>
              </value>
            </param>
            <param index="6">
              <value>
                <![CDATA[sugdfgdf.com]]>
              </value>
            </param>
            <param index="7">
              <value>
                <![CDATA[sugdfgdf.com]]>
              </value>
            </param>
            <param index="8">
              <value>
                <![CDATA[8909876780]]>
              </value>
            </param>
          </params>
          <exception class="java.lang.NullPointerException">
            <full-stacktrace>
              <![CDATA[java.lang.NullPointerException
at com_hackathon_base.baseUI.takeScreenShotOnFailure(baseUI.java:435)
at com_hackathon_base.baseUI.reportFail(baseUI.java:424)
at com_hackathon_base.baseUI.invokeBrowser(baseUI.java:101)
at com_hackathon_test.GroupGifting.testScenarioTwo(GroupGifting.java:20)
at sun.reflect.NativeMethodAccessorImpl.invoke0(Native Method)
at sun.reflect.NativeMethodAccessorImpl.invoke(NativeMethodAccessorImpl.java:62)
at sun.reflect.DelegatingMethodAccessorImpl.invoke(DelegatingMethodAccessorImpl.java:43)
at java.lang.reflect.Method.invoke(Method.java:498)
at org.testng.internal.MethodInvocationHelper.invokeMethod(MethodInvocationHelper.java:124)
at org.testng.internal.Invoker.invokeMethod(Invoker.java:583)
at org.testng.internal.Invoker.invokeTestMethod(Invoker.java:719)
at org.testng.internal.Invoker.invokeTestMethods(Invoker.java:989)
at org.testng.internal.TestMethodWorker.invokeTestMethods(TestMethodWorker.java:125)
at org.testng.internal.TestMethodWorker.run(TestMethodWorker.java:109)
at java.util.concurrent.ThreadPoolExecutor.runWorker(ThreadPoolExecutor.java:1149)
at java.util.concurrent.ThreadPoolExecutor$Worker.run(ThreadPoolExecutor.java:624)
at java.lang.Thread.run(Thread.java:748)
]]>
            </full-stacktrace>
          </exception> <!-- java.lang.NullPointerException -->
          <reporter-output>
          </reporter-output>
        </test-method> <!-- testScenarioTwo -->
        <test-method status="FAIL" signature="testScenarioTwo(java.lang.String, java.lang.String, java.lang.String, java.lang.String, java.lang.String, java.lang.String, java.lang.String, java.lang.String, java.lang.String)[pri:0, instance:com_hackathon_test.GroupGifting@13c27452]" name="testScenarioTwo" duration-ms="1022" started-at="2020-10-31T12:51:03Z" data-provider="testTwoData" finished-at="2020-10-31T12:51:04Z">
          <params>
            <param index="0">
              <value>
                <![CDATA[2000]]>
              </value>
            </param>
            <param index="1">
              <value>
                <![CDATA[6]]>
              </value>
            </param>
            <param index="2">
              <value>
                <![CDATA[Drohny gopes]]>
              </value>
            </param>
            <param index="3">
              <value>
                <![CDATA[dnhn@gmail.com]]>
              </value>
            </param>
            <param index="4">
              <value>
                <![CDATA[2031231231]]>
              </value>
            </param>
            <param index="5">
              <value>
                <![CDATA[Hazeka Kafin]]>
              </value>
            </param>
            <param index="6">
              <value>
                <![CDATA[sugd]]>
              </value>
            </param>
            <param index="7">
              <value>
                <![CDATA[om]]>
              </value>
            </param>
            <param index="8">
              <value>
                <![CDATA[8909876780]]>
              </value>
            </param>
          </params>
          <exception class="java.lang.NullPointerException">
            <full-stacktrace>
              <![CDATA[java.lang.NullPointerException
at com_hackathon_base.baseUI.takeScreenShotOnFailure(baseUI.java:435)
at com_hackathon_base.baseUI.reportFail(baseUI.java:424)
at com_hackathon_base.baseUI.invokeBrowser(baseUI.java:101)
at com_hackathon_test.GroupGifting.testScenarioTwo(GroupGifting.java:20)
at sun.reflect.NativeMethodAccessorImpl.invoke0(Native Method)
at sun.reflect.NativeMethodAccessorImpl.invoke(NativeMethodAccessorImpl.java:62)
at sun.reflect.DelegatingMethodAccessorImpl.invoke(DelegatingMethodAccessorImpl.java:43)
at java.lang.reflect.Method.invoke(Method.java:498)
at org.testng.internal.MethodInvocationHelper.invokeMethod(MethodInvocationHelper.java:124)
at org.testng.internal.Invoker.invokeMethod(Invoker.java:583)
at org.testng.internal.Invoker.invokeTestMethod(Invoker.java:719)
at org.testng.internal.Invoker.invokeTestMethods(Invoker.java:989)
at org.testng.internal.TestMethodWorker.invokeTestMethods(TestMethodWorker.java:125)
at org.testng.internal.TestMethodWorker.run(TestMethodWorker.java:109)
at java.util.concurrent.ThreadPoolExecutor.runWorker(ThreadPoolExecutor.java:1149)
at java.util.concurrent.ThreadPoolExecutor$Worker.run(ThreadPoolExecutor.java:624)
at java.lang.Thread.run(Thread.java:748)
]]>
            </full-stacktrace>
          </exception> <!-- java.lang.NullPointerException -->
          <reporter-output>
          </reporter-output>
        </test-method> <!-- testScenarioTwo -->
        <test-method status="FAIL" signature="testScenarioTwo(java.lang.String, java.lang.String, java.lang.String, java.lang.String, java.lang.String, java.lang.String, java.lang.String, java.lang.String, java.lang.String)[pri:0, instance:com_hackathon_test.GroupGifting@13c27452]" name="testScenarioTwo" duration-ms="1017" started-at="2020-10-31T12:51:04Z" data-provider="testTwoData" finished-at="2020-10-31T12:51:05Z">
          <params>
            <param index="0">
              <value>
                <![CDATA[1000]]>
              </value>
            </param>
            <param index="1">
              <value>
                <![CDATA[2]]>
              </value>
            </param>
            <param index="2">
              <value>
                <![CDATA[Nancy gopes]]>
              </value>
            </param>
            <param index="3">
              <value>
                <![CDATA[nan@gmail.com]]>
              </value>
            </param>
            <param index="4">
              <value>
                <![CDATA[9090231231]]>
              </value>
            </param>
            <param index="5">
              <value>
                <![CDATA[Priya sinha]]>
              </value>
            </param>
            <param index="6">
              <value>
                <![CDATA[yahoo]]>
              </value>
            </param>
            <param index="7">
              <value>
                <![CDATA[yahoo]]>
              </value>
            </param>
            <param index="8">
              <value>
                <![CDATA[8909876780]]>
              </value>
            </param>
          </params>
          <exception class="java.lang.NullPointerException">
            <full-stacktrace>
              <![CDATA[java.lang.NullPointerException
at com_hackathon_base.baseUI.takeScreenShotOnFailure(baseUI.java:435)
at com_hackathon_base.baseUI.reportFail(baseUI.java:424)
at com_hackathon_base.baseUI.invokeBrowser(baseUI.java:101)
at com_hackathon_test.GroupGifting.testScenarioTwo(GroupGifting.java:20)
at sun.reflect.NativeMethodAccessorImpl.invoke0(Native Method)
at sun.reflect.NativeMethodAccessorImpl.invoke(NativeMethodAccessorImpl.java:62)
at sun.reflect.DelegatingMethodAccessorImpl.invoke(DelegatingMethodAccessorImpl.java:43)
at java.lang.reflect.Method.invoke(Method.java:498)
at org.testng.internal.MethodInvocationHelper.invokeMethod(MethodInvocationHelper.java:124)
at org.testng.internal.Invoker.invokeMethod(Invoker.java:583)
at org.testng.internal.Invoker.invokeTestMethod(Invoker.java:719)
at org.testng.internal.Invoker.invokeTestMethods(Invoker.java:989)
at org.testng.internal.TestMethodWorker.invokeTestMethods(TestMethodWorker.java:125)
at org.testng.internal.TestMethodWorker.run(TestMethodWorker.java:109)
at java.util.concurrent.ThreadPoolExecutor.runWorker(ThreadPoolExecutor.java:1149)
at java.util.concurrent.ThreadPoolExecutor$Worker.run(ThreadPoolExecutor.java:624)
at java.lang.Thread.run(Thread.java:748)
]]>
            </full-stacktrace>
          </exception> <!-- java.lang.NullPointerException -->
          <reporter-output>
          </reporter-output>
        </test-method> <!-- testScenarioTwo -->
      </class> <!-- com_hackathon_test.GroupGifting -->
      <class name="com_hackathon_test.HotelBooking">
        <test-method status="FAIL" signature="TestScenarioThree()[pri:0, instance:com_hackathon_test.HotelBooking@262b2c86]" name="TestScenarioThree" duration-ms="2980" started-at="2020-10-31T12:50:53Z" finished-at="2020-10-31T12:50:56Z">
          <exception class="java.lang.NullPointerException">
            <full-stacktrace>
              <![CDATA[java.lang.NullPointerException
at com_hackathon_base.baseUI.takeScreenShotOnFailure(baseUI.java:435)
at com_hackathon_base.baseUI.reportFail(baseUI.java:424)
at com_hackathon_base.baseUI.invokeBrowser(baseUI.java:101)
at com_hackathon_test.HotelBooking.TestScenarioThree(HotelBooking.java:19)
at sun.reflect.NativeMethodAccessorImpl.invoke0(Native Method)
at sun.reflect.NativeMethodAccessorImpl.invoke(NativeMethodAccessorImpl.java:62)
at sun.reflect.DelegatingMethodAccessorImpl.invoke(DelegatingMethodAccessorImpl.java:43)
at java.lang.reflect.Method.invoke(Method.java:498)
at org.testng.internal.MethodInvocationHelper.invokeMethod(MethodInvocationHelper.java:124)
at org.testng.internal.Invoker.invokeMethod(Invoker.java:583)
at org.testng.internal.Invoker.invokeTestMethod(Invoker.java:719)
at org.testng.internal.Invoker.invokeTestMethods(Invoker.java:989)
at org.testng.internal.TestMethodWorker.invokeTestMethods(TestMethodWorker.java:125)
at org.testng.internal.TestMethodWorker.run(TestMethodWorker.java:109)
at java.util.concurrent.ThreadPoolExecutor.runWorker(ThreadPoolExecutor.java:1149)
at java.util.concurrent.ThreadPoolExecutor$Worker.run(ThreadPoolExecutor.java:624)
at java.lang.Thread.run(Thread.java:748)
]]>
            </full-stacktrace>
          </exception> <!-- java.lang.NullPointerException -->
          <reporter-output>
          </reporter-output>
        </test-method> <!-- TestScenarioThree -->
      </class> <!-- com_hackathon_test.HotelBooking -->
      <class name="com_hackathon_test.CabStationTest">
        <test-method status="FAIL" signature="testScenarioOne(java.lang.String, java.lang.String, java.lang.String, java.lang.String)[pri:0, instance:com_hackathon_test.CabStationTest@12f41634]" name="testScenarioOne" duration-ms="2985" started-at="2020-10-31T12:50:53Z" data-provider="testOneData" finished-at="2020-10-31T12:50:56Z">
          <params>
            <param index="0">
              <value>
                <![CDATA[Delhi]]>
              </value>
            </param>
            <param index="1">
              <value>
                <![CDATA[Manali]]>
              </value>
            </param>
            <param index="2">
              <value>
                <![CDATA[23/12/2020]]>
              </value>
            </param>
            <param index="3">
              <value>
                <![CDATA[17]]>
              </value>
            </param>
          </params>
          <exception class="java.lang.NullPointerException">
            <full-stacktrace>
              <![CDATA[java.lang.NullPointerException
at com_hackathon_base.baseUI.takeScreenShotOnFailure(baseUI.java:435)
at com_hackathon_base.baseUI.reportFail(baseUI.java:424)
at com_hackathon_base.baseUI.invokeBrowser(baseUI.java:101)
at com_hackathon_test.CabStationTest.testScenarioOne(CabStationTest.java:20)
at sun.reflect.NativeMethodAccessorImpl.invoke0(Native Method)
at sun.reflect.NativeMethodAccessorImpl.invoke(NativeMethodAccessorImpl.java:62)
at sun.reflect.DelegatingMethodAccessorImpl.invoke(DelegatingMethodAccessorImpl.java:43)
at java.lang.reflect.Method.invoke(Method.java:498)
at org.testng.internal.MethodInvocationHelper.invokeMethod(MethodInvocationHelper.java:124)
at org.testng.internal.Invoker.invokeMethod(Invoker.java:583)
at org.testng.internal.Invoker.invokeTestMethod(Invoker.java:719)
at org.testng.internal.Invoker.invokeTestMethods(Invoker.java:989)
at org.testng.internal.TestMethodWorker.invokeTestMethods(TestMethodWorker.java:125)
at org.testng.internal.TestMethodWorker.run(TestMethodWorker.java:109)
at java.util.concurrent.ThreadPoolExecutor.runWorker(ThreadPoolExecutor.java:1149)
at java.util.concurrent.ThreadPoolExecutor$Worker.run(ThreadPoolExecutor.java:624)
at java.lang.Thread.run(Thread.java:748)
]]>
            </full-stacktrace>
          </exception> <!-- java.lang.NullPointerException -->
          <reporter-output>
          </reporter-output>
        </test-method> <!-- testScenarioOne -->
        <test-method status="FAIL" signature="testScenarioOne(java.lang.String, java.lang.String, java.lang.String, java.lang.String)[pri:0, instance:com_hackathon_test.CabStationTest@12f41634]" name="testScenarioOne" duration-ms="1072" started-at="2020-10-31T12:50:56Z" data-provider="testOneData" finished-at="2020-10-31T12:50:57Z">
          <params>
            <param index="0">
              <value>
                <![CDATA[Mumbai]]>
              </value>
            </param>
            <param index="1">
              <value>
                <![CDATA[Goa]]>
              </value>
            </param>
            <param index="2">
              <value>
                <![CDATA[23/12/2020]]>
              </value>
            </param>
            <param index="3">
              <value>
                <![CDATA[5]]>
              </value>
            </param>
          </params>
          <exception class="java.lang.NullPointerException">
            <full-stacktrace>
              <![CDATA[java.lang.NullPointerException
at com_hackathon_base.baseUI.takeScreenShotOnFailure(baseUI.java:435)
at com_hackathon_base.baseUI.reportFail(baseUI.java:424)
at com_hackathon_base.baseUI.invokeBrowser(baseUI.java:101)
at com_hackathon_test.CabStationTest.testScenarioOne(CabStationTest.java:20)
at sun.reflect.NativeMethodAccessorImpl.invoke0(Native Method)
at sun.reflect.NativeMethodAccessorImpl.invoke(NativeMethodAccessorImpl.java:62)
at sun.reflect.DelegatingMethodAccessorImpl.invoke(DelegatingMethodAccessorImpl.java:43)
at java.lang.reflect.Method.invoke(Method.java:498)
at org.testng.internal.MethodInvocationHelper.invokeMethod(MethodInvocationHelper.java:124)
at org.testng.internal.Invoker.invokeMethod(Invoker.java:583)
at org.testng.internal.Invoker.invokeTestMethod(Invoker.java:719)
at org.testng.internal.Invoker.invokeTestMethods(Invoker.java:989)
at org.testng.internal.TestMethodWorker.invokeTestMethods(TestMethodWorker.java:125)
at org.testng.internal.TestMethodWorker.run(TestMethodWorker.java:109)
at java.util.concurrent.ThreadPoolExecutor.runWorker(ThreadPoolExecutor.java:1149)
at java.util.concurrent.ThreadPoolExecutor$Worker.run(ThreadPoolExecutor.java:624)
at java.lang.Thread.run(Thread.java:748)
]]>
            </full-stacktrace>
          </exception> <!-- java.lang.NullPointerException -->
          <reporter-output>
          </reporter-output>
        </test-method> <!-- testScenarioOne -->
        <test-method status="FAIL" signature="testScenarioOne(java.lang.String, java.lang.String, java.lang.String, java.lang.String)[pri:0, instance:com_hackathon_test.CabStationTest@12f41634]" name="testScenarioOne" duration-ms="1039" started-at="2020-10-31T12:50:57Z" data-provider="testOneData" finished-at="2020-10-31T12:50:58Z">
          <params>
            <param index="0">
              <value>
                <![CDATA[Nagpur]]>
              </value>
            </param>
            <param index="1">
              <value>
                <![CDATA[Pune]]>
              </value>
            </param>
            <param index="2">
              <value>
                <![CDATA[22/12/2020]]>
              </value>
            </param>
            <param index="3">
              <value>
                <![CDATA[7]]>
              </value>
            </param>
          </params>
          <exception class="java.lang.NullPointerException">
            <full-stacktrace>
              <![CDATA[java.lang.NullPointerException
at com_hackathon_base.baseUI.takeScreenShotOnFailure(baseUI.java:435)
at com_hackathon_base.baseUI.reportFail(baseUI.java:424)
at com_hackathon_base.baseUI.invokeBrowser(baseUI.java:101)
at com_hackathon_test.CabStationTest.testScenarioOne(CabStationTest.java:20)
at sun.reflect.NativeMethodAccessorImpl.invoke0(Native Method)
at sun.reflect.NativeMethodAccessorImpl.invoke(NativeMethodAccessorImpl.java:62)
at sun.reflect.DelegatingMethodAccessorImpl.invoke(DelegatingMethodAccessorImpl.java:43)
at java.lang.reflect.Method.invoke(Method.java:498)
at org.testng.internal.MethodInvocationHelper.invokeMethod(MethodInvocationHelper.java:124)
at org.testng.internal.Invoker.invokeMethod(Invoker.java:583)
at org.testng.internal.Invoker.invokeTestMethod(Invoker.java:719)
at org.testng.internal.Invoker.invokeTestMethods(Invoker.java:989)
at org.testng.internal.TestMethodWorker.invokeTestMethods(TestMethodWorker.java:125)
at org.testng.internal.TestMethodWorker.run(TestMethodWorker.java:109)
at java.util.concurrent.ThreadPoolExecutor.runWorker(ThreadPoolExecutor.java:1149)
at java.util.concurrent.ThreadPoolExecutor$Worker.run(ThreadPoolExecutor.java:624)
at java.lang.Thread.run(Thread.java:748)
]]>
            </full-stacktrace>
          </exception> <!-- java.lang.NullPointerException -->
          <reporter-output>
          </reporter-output>
        </test-method> <!-- testScenarioOne -->
        <test-method status="FAIL" signature="testScenarioOne(java.lang.String, java.lang.String, java.lang.String, java.lang.String)[pri:0, instance:com_hackathon_test.CabStationTest@12f41634]" name="testScenarioOne" duration-ms="1036" started-at="2020-10-31T12:50:58Z" data-provider="testOneData" finished-at="2020-10-31T12:50:59Z">
          <params>
            <param index="0">
              <value>
                <![CDATA[Kolkata]]>
              </value>
            </param>
            <param index="1">
              <value>
                <![CDATA[Durgapur]]>
              </value>
            </param>
            <param index="2">
              <value>
                <![CDATA[22/11/2020]]>
              </value>
            </param>
            <param index="3">
              <value>
                <![CDATA[8]]>
              </value>
            </param>
          </params>
          <exception class="java.lang.NullPointerException">
            <full-stacktrace>
              <![CDATA[java.lang.NullPointerException
at com_hackathon_base.baseUI.takeScreenShotOnFailure(baseUI.java:435)
at com_hackathon_base.baseUI.reportFail(baseUI.java:424)
at com_hackathon_base.baseUI.invokeBrowser(baseUI.java:101)
at com_hackathon_test.CabStationTest.testScenarioOne(CabStationTest.java:20)
at sun.reflect.NativeMethodAccessorImpl.invoke0(Native Method)
at sun.reflect.NativeMethodAccessorImpl.invoke(NativeMethodAccessorImpl.java:62)
at sun.reflect.DelegatingMethodAccessorImpl.invoke(DelegatingMethodAccessorImpl.java:43)
at java.lang.reflect.Method.invoke(Method.java:498)
at org.testng.internal.MethodInvocationHelper.invokeMethod(MethodInvocationHelper.java:124)
at org.testng.internal.Invoker.invokeMethod(Invoker.java:583)
at org.testng.internal.Invoker.invokeTestMethod(Invoker.java:719)
at org.testng.internal.Invoker.invokeTestMethods(Invoker.java:989)
at org.testng.internal.TestMethodWorker.invokeTestMethods(TestMethodWorker.java:125)
at org.testng.internal.TestMethodWorker.run(TestMethodWorker.java:109)
at java.util.concurrent.ThreadPoolExecutor.runWorker(ThreadPoolExecutor.java:1149)
at java.util.concurrent.ThreadPoolExecutor$Worker.run(ThreadPoolExecutor.java:624)
at java.lang.Thread.run(Thread.java:748)
]]>
            </full-stacktrace>
          </exception> <!-- java.lang.NullPointerException -->
          <reporter-output>
          </reporter-output>
        </test-method> <!-- testScenarioOne -->
        <test-method status="FAIL" signature="testScenarioOne(java.lang.String, java.lang.String, java.lang.String, java.lang.String)[pri:0, instance:com_hackathon_test.CabStationTest@12f41634]" name="testScenarioOne" duration-ms="1031" started-at="2020-10-31T12:50:59Z" data-provider="testOneData" finished-at="2020-10-31T12:51:00Z">
          <params>
            <param index="0">
              <value>
                <![CDATA[Chennai]]>
              </value>
            </param>
            <param index="1">
              <value>
                <![CDATA[Coimbatore]]>
              </value>
            </param>
            <param index="2">
              <value>
                <![CDATA[3/12/2020]]>
              </value>
            </param>
            <param index="3">
              <value>
                <![CDATA[18]]>
              </value>
            </param>
          </params>
          <exception class="java.lang.NullPointerException">
            <full-stacktrace>
              <![CDATA[java.lang.NullPointerException
at com_hackathon_base.baseUI.takeScreenShotOnFailure(baseUI.java:435)
at com_hackathon_base.baseUI.reportFail(baseUI.java:424)
at com_hackathon_base.baseUI.invokeBrowser(baseUI.java:101)
at com_hackathon_test.CabStationTest.testScenarioOne(CabStationTest.java:20)
at sun.reflect.NativeMethodAccessorImpl.invoke0(Native Method)
at sun.reflect.NativeMethodAccessorImpl.invoke(NativeMethodAccessorImpl.java:62)
at sun.reflect.DelegatingMethodAccessorImpl.invoke(DelegatingMethodAccessorImpl.java:43)
at java.lang.reflect.Method.invoke(Method.java:498)
at org.testng.internal.MethodInvocationHelper.invokeMethod(MethodInvocationHelper.java:124)
at org.testng.internal.Invoker.invokeMethod(Invoker.java:583)
at org.testng.internal.Invoker.invokeTestMethod(Invoker.java:719)
at org.testng.internal.Invoker.invokeTestMethods(Invoker.java:989)
at org.testng.internal.TestMethodWorker.invokeTestMethods(TestMethodWorker.java:125)
at org.testng.internal.TestMethodWorker.run(TestMethodWorker.java:109)
at java.util.concurrent.ThreadPoolExecutor.runWorker(ThreadPoolExecutor.java:1149)
at java.util.concurrent.ThreadPoolExecutor$Worker.run(ThreadPoolExecutor.java:624)
at java.lang.Thread.run(Thread.java:748)
]]>
            </full-stacktrace>
          </exception> <!-- java.lang.NullPointerException -->
          <reporter-output>
          </reporter-output>
        </test-method> <!-- testScenarioOne -->
        <test-method status="FAIL" signature="testScenarioOne(java.lang.String, java.lang.String, java.lang.String, java.lang.String)[pri:0, instance:com_hackathon_test.CabStationTest@12f41634]" name="testScenarioOne" duration-ms="1015" started-at="2020-10-31T12:51:00Z" data-provider="testOneData" finished-at="2020-10-31T12:51:01Z">
          <params>
            <param index="0">
              <value>
                <![CDATA[Kerala]]>
              </value>
            </param>
            <param index="1">
              <value>
                <![CDATA[Coimbatore]]>
              </value>
            </param>
            <param index="2">
              <value>
                <![CDATA[27/12/2020]]>
              </value>
            </param>
            <param index="3">
              <value>
                <![CDATA[3]]>
              </value>
            </param>
          </params>
          <exception class="java.lang.NullPointerException">
            <full-stacktrace>
              <![CDATA[java.lang.NullPointerException
at com_hackathon_base.baseUI.takeScreenShotOnFailure(baseUI.java:435)
at com_hackathon_base.baseUI.reportFail(baseUI.java:424)
at com_hackathon_base.baseUI.invokeBrowser(baseUI.java:101)
at com_hackathon_test.CabStationTest.testScenarioOne(CabStationTest.java:20)
at sun.reflect.NativeMethodAccessorImpl.invoke0(Native Method)
at sun.reflect.NativeMethodAccessorImpl.invoke(NativeMethodAccessorImpl.java:62)
at sun.reflect.DelegatingMethodAccessorImpl.invoke(DelegatingMethodAccessorImpl.java:43)
at java.lang.reflect.Method.invoke(Method.java:498)
at org.testng.internal.MethodInvocationHelper.invokeMethod(MethodInvocationHelper.java:124)
at org.testng.internal.Invoker.invokeMethod(Invoker.java:583)
at org.testng.internal.Invoker.invokeTestMethod(Invoker.java:719)
at org.testng.internal.Invoker.invokeTestMethods(Invoker.java:989)
at org.testng.internal.TestMethodWorker.invokeTestMethods(TestMethodWorker.java:125)
at org.testng.internal.TestMethodWorker.run(TestMethodWorker.java:109)
at java.util.concurrent.ThreadPoolExecutor.runWorker(ThreadPoolExecutor.java:1149)
at java.util.concurrent.ThreadPoolExecutor$Worker.run(ThreadPoolExecutor.java:624)
at java.lang.Thread.run(Thread.java:748)
]]>
            </full-stacktrace>
          </exception> <!-- java.lang.NullPointerException -->
          <reporter-output>
          </reporter-output>
        </test-method> <!-- testScenarioOne -->
        <test-method status="FAIL" signature="testScenarioOne(java.lang.String, java.lang.String, java.lang.String, java.lang.String)[pri:0, instance:com_hackathon_test.CabStationTest@12f41634]" name="testScenarioOne" duration-ms="1032" started-at="2020-10-31T12:51:01Z" data-provider="testOneData" finished-at="2020-10-31T12:51:02Z">
          <params>
            <param index="0">
              <value>
                <![CDATA[Delhi]]>
              </value>
            </param>
            <param index="1">
              <value>
                <![CDATA[Haryana]]>
              </value>
            </param>
            <param index="2">
              <value>
                <![CDATA[2/1/2021]]>
              </value>
            </param>
            <param index="3">
              <value>
                <![CDATA[9]]>
              </value>
            </param>
          </params>
          <exception class="java.lang.NullPointerException">
            <full-stacktrace>
              <![CDATA[java.lang.NullPointerException
at com_hackathon_base.baseUI.takeScreenShotOnFailure(baseUI.java:435)
at com_hackathon_base.baseUI.reportFail(baseUI.java:424)
at com_hackathon_base.baseUI.invokeBrowser(baseUI.java:101)
at com_hackathon_test.CabStationTest.testScenarioOne(CabStationTest.java:20)
at sun.reflect.NativeMethodAccessorImpl.invoke0(Native Method)
at sun.reflect.NativeMethodAccessorImpl.invoke(NativeMethodAccessorImpl.java:62)
at sun.reflect.DelegatingMethodAccessorImpl.invoke(DelegatingMethodAccessorImpl.java:43)
at java.lang.reflect.Method.invoke(Method.java:498)
at org.testng.internal.MethodInvocationHelper.invokeMethod(MethodInvocationHelper.java:124)
at org.testng.internal.Invoker.invokeMethod(Invoker.java:583)
at org.testng.internal.Invoker.invokeTestMethod(Invoker.java:719)
at org.testng.internal.Invoker.invokeTestMethods(Invoker.java:989)
at org.testng.internal.TestMethodWorker.invokeTestMethods(TestMethodWorker.java:125)
at org.testng.internal.TestMethodWorker.run(TestMethodWorker.java:109)
at java.util.concurrent.ThreadPoolExecutor.runWorker(ThreadPoolExecutor.java:1149)
at java.util.concurrent.ThreadPoolExecutor$Worker.run(ThreadPoolExecutor.java:624)
at java.lang.Thread.run(Thread.java:748)
]]>
            </full-stacktrace>
          </exception> <!-- java.lang.NullPointerException -->
          <reporter-output>
          </reporter-output>
        </test-method> <!-- testScenarioOne -->
        <test-method status="FAIL" signature="testScenarioOne(java.lang.String, java.lang.String, java.lang.String, java.lang.String)[pri:0, instance:com_hackathon_test.CabStationTest@12f41634]" name="testScenarioOne" duration-ms="1026" started-at="2020-10-31T12:51:02Z" data-provider="testOneData" finished-at="2020-10-31T12:51:03Z">
          <params>
            <param index="0">
              <value>
                <![CDATA[Kodaikanal]]>
              </value>
            </param>
            <param index="1">
              <value>
                <![CDATA[Chennai]]>
              </value>
            </param>
            <param index="2">
              <value>
                <![CDATA[23/12/2020]]>
              </value>
            </param>
            <param index="3">
              <value>
                <![CDATA[9]]>
              </value>
            </param>
          </params>
          <exception class="java.lang.NullPointerException">
            <full-stacktrace>
              <![CDATA[java.lang.NullPointerException
at com_hackathon_base.baseUI.takeScreenShotOnFailure(baseUI.java:435)
at com_hackathon_base.baseUI.reportFail(baseUI.java:424)
at com_hackathon_base.baseUI.invokeBrowser(baseUI.java:101)
at com_hackathon_test.CabStationTest.testScenarioOne(CabStationTest.java:20)
at sun.reflect.NativeMethodAccessorImpl.invoke0(Native Method)
at sun.reflect.NativeMethodAccessorImpl.invoke(NativeMethodAccessorImpl.java:62)
at sun.reflect.DelegatingMethodAccessorImpl.invoke(DelegatingMethodAccessorImpl.java:43)
at java.lang.reflect.Method.invoke(Method.java:498)
at org.testng.internal.MethodInvocationHelper.invokeMethod(MethodInvocationHelper.java:124)
at org.testng.internal.Invoker.invokeMethod(Invoker.java:583)
at org.testng.internal.Invoker.invokeTestMethod(Invoker.java:719)
at org.testng.internal.Invoker.invokeTestMethods(Invoker.java:989)
at org.testng.internal.TestMethodWorker.invokeTestMethods(TestMethodWorker.java:125)
at org.testng.internal.TestMethodWorker.run(TestMethodWorker.java:109)
at java.util.concurrent.ThreadPoolExecutor.runWorker(ThreadPoolExecutor.java:1149)
at java.util.concurrent.ThreadPoolExecutor$Worker.run(ThreadPoolExecutor.java:624)
at java.lang.Thread.run(Thread.java:748)
]]>
            </full-stacktrace>
          </exception> <!-- java.lang.NullPointerException -->
          <reporter-output>
          </reporter-output>
        </test-method> <!-- testScenarioOne -->
        <test-method status="FAIL" signature="testScenarioOne(java.lang.String, java.lang.String, java.lang.String, java.lang.String)[pri:0, instance:com_hackathon_test.CabStationTest@12f41634]" name="testScenarioOne" duration-ms="1018" started-at="2020-10-31T12:51:03Z" data-provider="testOneData" finished-at="2020-10-31T12:51:04Z">
          <params>
            <param index="0">
              <value>
                <![CDATA[Kolkata]]>
              </value>
            </param>
            <param index="1">
              <value>
                <![CDATA[Delhi]]>
              </value>
            </param>
            <param index="2">
              <value>
                <![CDATA[4/11/2020]]>
              </value>
            </param>
            <param index="3">
              <value>
                <![CDATA[8]]>
              </value>
            </param>
          </params>
          <exception class="java.lang.NullPointerException">
            <full-stacktrace>
              <![CDATA[java.lang.NullPointerException
at com_hackathon_base.baseUI.takeScreenShotOnFailure(baseUI.java:435)
at com_hackathon_base.baseUI.reportFail(baseUI.java:424)
at com_hackathon_base.baseUI.invokeBrowser(baseUI.java:101)
at com_hackathon_test.CabStationTest.testScenarioOne(CabStationTest.java:20)
at sun.reflect.NativeMethodAccessorImpl.invoke0(Native Method)
at sun.reflect.NativeMethodAccessorImpl.invoke(NativeMethodAccessorImpl.java:62)
at sun.reflect.DelegatingMethodAccessorImpl.invoke(DelegatingMethodAccessorImpl.java:43)
at java.lang.reflect.Method.invoke(Method.java:498)
at org.testng.internal.MethodInvocationHelper.invokeMethod(MethodInvocationHelper.java:124)
at org.testng.internal.Invoker.invokeMethod(Invoker.java:583)
at org.testng.internal.Invoker.invokeTestMethod(Invoker.java:719)
at org.testng.internal.Invoker.invokeTestMethods(Invoker.java:989)
at org.testng.internal.TestMethodWorker.invokeTestMethods(TestMethodWorker.java:125)
at org.testng.internal.TestMethodWorker.run(TestMethodWorker.java:109)
at java.util.concurrent.ThreadPoolExecutor.runWorker(ThreadPoolExecutor.java:1149)
at java.util.concurrent.ThreadPoolExecutor$Worker.run(ThreadPoolExecutor.java:624)
at java.lang.Thread.run(Thread.java:748)
]]>
            </full-stacktrace>
          </exception> <!-- java.lang.NullPointerException -->
          <reporter-output>
          </reporter-output>
        </test-method> <!-- testScenarioOne -->
        <test-method status="PASS" signature="endReport()[pri:0, instance:com_hackathon_test.CabStationTest@12f41634]" name="endReport" is-config="true" duration-ms="690" started-at="2020-10-31T12:51:05Z" finished-at="2020-10-31T12:51:06Z">
          <reporter-output>
          </reporter-output>
        </test-method> <!-- endReport -->
        <test-method status="PASS" signature="endReport()[pri:0, instance:com_hackathon_test.GroupGifting@13c27452]" name="endReport" is-config="true" duration-ms="122" started-at="2020-10-31T12:51:06Z" finished-at="2020-10-31T12:51:06Z">
          <reporter-output>
          </reporter-output>
        </test-method> <!-- endReport -->
        <test-method status="PASS" signature="endReport()[pri:0, instance:com_hackathon_test.HotelBooking@262b2c86]" name="endReport" is-config="true" duration-ms="90" started-at="2020-10-31T12:51:06Z" finished-at="2020-10-31T12:51:06Z">
          <reporter-output>
          </reporter-output>
        </test-method> <!-- endReport -->
      </class> <!-- com_hackathon_test.CabStationTest -->
    </test> <!-- Test Basics 1 -->
  </suite> <!-- Grid Suite -->
</testng-results>
