<?xml version="1.0" encoding="UTF-8"?>
<testng-results skipped="0" failed="10" ignored="0" total="10" passed="0">
  <reporter-output>
  </reporter-output>
  <suite name="Default suite" duration-ms="3386" started-at="2020-11-01T05:31:49Z" finished-at="2020-11-01T05:31:52Z">
    <groups>
    </groups>
    <test name="Default test" duration-ms="3386" started-at="2020-11-01T05:31:49Z" finished-at="2020-11-01T05:31:52Z">
      <class name="com_hackathon_test.GroupGifting">
        <test-method status="FAIL" signature="testScenarioTwo(java.lang.String, java.lang.String, java.lang.String, java.lang.String, java.lang.String, java.lang.String, java.lang.String, java.lang.String, java.lang.String)[pri:0, instance:com_hackathon_test.GroupGifting@710726a3]" name="testScenarioTwo" duration-ms="1792" started-at="2020-11-01T05:31:49Z" data-provider="testTwoData" finished-at="2020-11-01T05:31:51Z">
          <params>
            <param index="0">
              <value>
                <![CDATA[1000]]>
              </value>
            </param>
            <param index="1">
              <value>
                <![CDATA[6]]>
              </value>
            </param>
            <param index="2">
              <value>
                <![CDATA[john gopes]]>
              </value>
            </param>
            <param index="3">
              <value>
                <![CDATA[john@gmail.com]]>
              </value>
            </param>
            <param index="4">
              <value>
                <![CDATA[1231231231]]>
              </value>
            </param>
            <param index="5">
              <value>
                <![CDATA[Suezeka nohara]]>
              </value>
            </param>
            <param index="6">
              <value>
                <![CDATA[sugdfgdf.com]]>
              </value>
            </param>
            <param index="7">
              <value>
                <![CDATA[sugdfgdf.com]]>
              </value>
            </param>
            <param index="8">
              <value>
                <![CDATA[8909876780]]>
              </value>
            </param>
          </params>
          <exception class="java.lang.NullPointerException">
            <full-stacktrace>
              <![CDATA[java.lang.NullPointerException
at com_hackathon_base.baseUI.takeScreenShotOnFailure(baseUI.java:435)
at com_hackathon_base.baseUI.reportFail(baseUI.java:424)
at com_hackathon_base.baseUI.invokeBrowser(baseUI.java:101)
at com_hackathon_test.GroupGifting.testScenarioTwo(GroupGifting.java:20)
at sun.reflect.NativeMethodAccessorImpl.invoke0(Native Method)
at sun.reflect.NativeMethodAccessorImpl.invoke(NativeMethodAccessorImpl.java:62)
at sun.reflect.DelegatingMethodAccessorImpl.invoke(DelegatingMethodAccessorImpl.java:43)
at java.lang.reflect.Method.invoke(Method.java:498)
at org.testng.internal.MethodInvocationHelper.invokeMethod(MethodInvocationHelper.java:124)
at org.testng.internal.Invoker.invokeMethod(Invoker.java:583)
at org.testng.internal.Invoker.invokeTestMethod(Invoker.java:719)
at org.testng.internal.Invoker.invokeTestMethods(Invoker.java:989)
at org.testng.internal.TestMethodWorker.invokeTestMethods(TestMethodWorker.java:125)
at org.testng.internal.TestMethodWorker.run(TestMethodWorker.java:109)
at org.testng.TestRunner.privateRun(TestRunner.java:648)
at org.testng.TestRunner.run(TestRunner.java:505)
at org.testng.SuiteRunner.runTest(SuiteRunner.java:455)
at org.testng.SuiteRunner.runSequentially(SuiteRunner.java:450)
at org.testng.SuiteRunner.privateRun(SuiteRunner.java:415)
at org.testng.SuiteRunner.run(SuiteRunner.java:364)
at org.testng.SuiteRunnerWorker.runSuite(SuiteRunnerWorker.java:52)
at org.testng.SuiteRunnerWorker.run(SuiteRunnerWorker.java:84)
at org.testng.TestNG.runSuitesSequentially(TestNG.java:1208)
at org.testng.TestNG.runSuitesLocally(TestNG.java:1137)
at org.testng.TestNG.runSuites(TestNG.java:1049)
at org.testng.TestNG.run(TestNG.java:1017)
at org.testng.remote.AbstractRemoteTestNG.run(AbstractRemoteTestNG.java:114)
at org.testng.remote.RemoteTestNG.initAndRun(RemoteTestNG.java:251)
at org.testng.remote.RemoteTestNG.main(RemoteTestNG.java:77)
]]>
            </full-stacktrace>
          </exception> <!-- java.lang.NullPointerException -->
          <reporter-output>
          </reporter-output>
        </test-method> <!-- testScenarioTwo -->
        <test-method status="FAIL" signature="testScenarioTwo(java.lang.String, java.lang.String, java.lang.String, java.lang.String, java.lang.String, java.lang.String, java.lang.String, java.lang.String, java.lang.String)[pri:0, instance:com_hackathon_test.GroupGifting@710726a3]" name="testScenarioTwo" duration-ms="80" started-at="2020-11-01T05:31:51Z" data-provider="testTwoData" finished-at="2020-11-01T05:31:51Z">
          <params>
            <param index="0">
              <value>
                <![CDATA[3000]]>
              </value>
            </param>
            <param index="1">
              <value>
                <![CDATA[4]]>
              </value>
            </param>
            <param index="2">
              <value>
                <![CDATA[Shivani Sinha]]>
              </value>
            </param>
            <param index="3">
              <value>
                <![CDATA[abc@gmail.com]]>
              </value>
            </param>
            <param index="4">
              <value>
                <![CDATA[6786781231]]>
              </value>
            </param>
            <param index="5">
              <value>
                <![CDATA[Nobita ghosh]]>
              </value>
            </param>
            <param index="6">
              <value>
                <![CDATA[.com]]>
              </value>
            </param>
            <param index="7">
              <value>
                <![CDATA[sugdfgdf.com]]>
              </value>
            </param>
            <param index="8">
              <value>
                <![CDATA[8909812380]]>
              </value>
            </param>
          </params>
          <exception class="java.lang.NullPointerException">
            <full-stacktrace>
              <![CDATA[java.lang.NullPointerException
at com_hackathon_base.baseUI.takeScreenShotOnFailure(baseUI.java:435)
at com_hackathon_base.baseUI.reportFail(baseUI.java:424)
at com_hackathon_base.baseUI.invokeBrowser(baseUI.java:101)
at com_hackathon_test.GroupGifting.testScenarioTwo(GroupGifting.java:20)
at sun.reflect.NativeMethodAccessorImpl.invoke0(Native Method)
at sun.reflect.NativeMethodAccessorImpl.invoke(NativeMethodAccessorImpl.java:62)
at sun.reflect.DelegatingMethodAccessorImpl.invoke(DelegatingMethodAccessorImpl.java:43)
at java.lang.reflect.Method.invoke(Method.java:498)
at org.testng.internal.MethodInvocationHelper.invokeMethod(MethodInvocationHelper.java:124)
at org.testng.internal.Invoker.invokeMethod(Invoker.java:583)
at org.testng.internal.Invoker.invokeTestMethod(Invoker.java:719)
at org.testng.internal.Invoker.invokeTestMethods(Invoker.java:989)
at org.testng.internal.TestMethodWorker.invokeTestMethods(TestMethodWorker.java:125)
at org.testng.internal.TestMethodWorker.run(TestMethodWorker.java:109)
at org.testng.TestRunner.privateRun(TestRunner.java:648)
at org.testng.TestRunner.run(TestRunner.java:505)
at org.testng.SuiteRunner.runTest(SuiteRunner.java:455)
at org.testng.SuiteRunner.runSequentially(SuiteRunner.java:450)
at org.testng.SuiteRunner.privateRun(SuiteRunner.java:415)
at org.testng.SuiteRunner.run(SuiteRunner.java:364)
at org.testng.SuiteRunnerWorker.runSuite(SuiteRunnerWorker.java:52)
at org.testng.SuiteRunnerWorker.run(SuiteRunnerWorker.java:84)
at org.testng.TestNG.runSuitesSequentially(TestNG.java:1208)
at org.testng.TestNG.runSuitesLocally(TestNG.java:1137)
at org.testng.TestNG.runSuites(TestNG.java:1049)
at org.testng.TestNG.run(TestNG.java:1017)
at org.testng.remote.AbstractRemoteTestNG.run(AbstractRemoteTestNG.java:114)
at org.testng.remote.RemoteTestNG.initAndRun(RemoteTestNG.java:251)
at org.testng.remote.RemoteTestNG.main(RemoteTestNG.java:77)
]]>
            </full-stacktrace>
          </exception> <!-- java.lang.NullPointerException -->
          <reporter-output>
          </reporter-output>
        </test-method> <!-- testScenarioTwo -->
        <test-method status="FAIL" signature="testScenarioTwo(java.lang.String, java.lang.String, java.lang.String, java.lang.String, java.lang.String, java.lang.String, java.lang.String, java.lang.String, java.lang.String)[pri:0, instance:com_hackathon_test.GroupGifting@710726a3]" name="testScenarioTwo" duration-ms="131" started-at="2020-11-01T05:31:51Z" data-provider="testTwoData" finished-at="2020-11-01T05:31:51Z">
          <params>
            <param index="0">
              <value>
                <![CDATA[5000]]>
              </value>
            </param>
            <param index="1">
              <value>
                <![CDATA[5]]>
              </value>
            </param>
            <param index="2">
              <value>
                <![CDATA[james Christopher Loius]]>
              </value>
            </param>
            <param index="3">
              <value>
                <![CDATA[jamen@gmail.com]]>
              </value>
            </param>
            <param index="4">
              <value>
                <![CDATA[9997876761]]>
              </value>
            </param>
            <param index="5">
              <value>
                <![CDATA[Eleana Criuise]]>
              </value>
            </param>
            <param index="6">
              <value>
                <![CDATA[eele]]>
              </value>
            </param>
            <param index="7">
              <value>
                <![CDATA[e@g.com]]>
              </value>
            </param>
            <param index="8">
              <value>
                <![CDATA[8909876780]]>
              </value>
            </param>
          </params>
          <exception class="java.lang.NullPointerException">
            <full-stacktrace>
              <![CDATA[java.lang.NullPointerException
at com_hackathon_base.baseUI.takeScreenShotOnFailure(baseUI.java:435)
at com_hackathon_base.baseUI.reportFail(baseUI.java:424)
at com_hackathon_base.baseUI.invokeBrowser(baseUI.java:101)
at com_hackathon_test.GroupGifting.testScenarioTwo(GroupGifting.java:20)
at sun.reflect.NativeMethodAccessorImpl.invoke0(Native Method)
at sun.reflect.NativeMethodAccessorImpl.invoke(NativeMethodAccessorImpl.java:62)
at sun.reflect.DelegatingMethodAccessorImpl.invoke(DelegatingMethodAccessorImpl.java:43)
at java.lang.reflect.Method.invoke(Method.java:498)
at org.testng.internal.MethodInvocationHelper.invokeMethod(MethodInvocationHelper.java:124)
at org.testng.internal.Invoker.invokeMethod(Invoker.java:583)
at org.testng.internal.Invoker.invokeTestMethod(Invoker.java:719)
at org.testng.internal.Invoker.invokeTestMethods(Invoker.java:989)
at org.testng.internal.TestMethodWorker.invokeTestMethods(TestMethodWorker.java:125)
at org.testng.internal.TestMethodWorker.run(TestMethodWorker.java:109)
at org.testng.TestRunner.privateRun(TestRunner.java:648)
at org.testng.TestRunner.run(TestRunner.java:505)
at org.testng.SuiteRunner.runTest(SuiteRunner.java:455)
at org.testng.SuiteRunner.runSequentially(SuiteRunner.java:450)
at org.testng.SuiteRunner.privateRun(SuiteRunner.java:415)
at org.testng.SuiteRunner.run(SuiteRunner.java:364)
at org.testng.SuiteRunnerWorker.runSuite(SuiteRunnerWorker.java:52)
at org.testng.SuiteRunnerWorker.run(SuiteRunnerWorker.java:84)
at org.testng.TestNG.runSuitesSequentially(TestNG.java:1208)
at org.testng.TestNG.runSuitesLocally(TestNG.java:1137)
at org.testng.TestNG.runSuites(TestNG.java:1049)
at org.testng.TestNG.run(TestNG.java:1017)
at org.testng.remote.AbstractRemoteTestNG.run(AbstractRemoteTestNG.java:114)
at org.testng.remote.RemoteTestNG.initAndRun(RemoteTestNG.java:251)
at org.testng.remote.RemoteTestNG.main(RemoteTestNG.java:77)
]]>
            </full-stacktrace>
          </exception> <!-- java.lang.NullPointerException -->
          <reporter-output>
          </reporter-output>
        </test-method> <!-- testScenarioTwo -->
        <test-method status="FAIL" signature="testScenarioTwo(java.lang.String, java.lang.String, java.lang.String, java.lang.String, java.lang.String, java.lang.String, java.lang.String, java.lang.String, java.lang.String)[pri:0, instance:com_hackathon_test.GroupGifting@710726a3]" name="testScenarioTwo" duration-ms="60" started-at="2020-11-01T05:31:51Z" data-provider="testTwoData" finished-at="2020-11-01T05:31:51Z">
          <params>
            <param index="0">
              <value>
                <![CDATA[5000]]>
              </value>
            </param>
            <param index="1">
              <value>
                <![CDATA[5]]>
              </value>
            </param>
            <param index="2">
              <value>
                <![CDATA[james Christopher Loius]]>
              </value>
            </param>
            <param index="3">
              <value>
                <![CDATA[jamen@gmail.com]]>
              </value>
            </param>
            <param index="4">
              <value>
                <![CDATA[9997876761]]>
              </value>
            </param>
            <param index="5">
              <value>
                <![CDATA[Eleana Criuise]]>
              </value>
            </param>
            <param index="6">
              <value>
                <![CDATA[eele]]>
              </value>
            </param>
            <param index="7">
              <value>
                <![CDATA[e@g.com]]>
              </value>
            </param>
            <param index="8">
              <value>
                <![CDATA[8909876780]]>
              </value>
            </param>
          </params>
          <exception class="java.lang.NullPointerException">
            <full-stacktrace>
              <![CDATA[java.lang.NullPointerException
at com_hackathon_base.baseUI.takeScreenShotOnFailure(baseUI.java:435)
at com_hackathon_base.baseUI.reportFail(baseUI.java:424)
at com_hackathon_base.baseUI.invokeBrowser(baseUI.java:101)
at com_hackathon_test.GroupGifting.testScenarioTwo(GroupGifting.java:20)
at sun.reflect.NativeMethodAccessorImpl.invoke0(Native Method)
at sun.reflect.NativeMethodAccessorImpl.invoke(NativeMethodAccessorImpl.java:62)
at sun.reflect.DelegatingMethodAccessorImpl.invoke(DelegatingMethodAccessorImpl.java:43)
at java.lang.reflect.Method.invoke(Method.java:498)
at org.testng.internal.MethodInvocationHelper.invokeMethod(MethodInvocationHelper.java:124)
at org.testng.internal.Invoker.invokeMethod(Invoker.java:583)
at org.testng.internal.Invoker.invokeTestMethod(Invoker.java:719)
at org.testng.internal.Invoker.invokeTestMethods(Invoker.java:989)
at org.testng.internal.TestMethodWorker.invokeTestMethods(TestMethodWorker.java:125)
at org.testng.internal.TestMethodWorker.run(TestMethodWorker.java:109)
at org.testng.TestRunner.privateRun(TestRunner.java:648)
at org.testng.TestRunner.run(TestRunner.java:505)
at org.testng.SuiteRunner.runTest(SuiteRunner.java:455)
at org.testng.SuiteRunner.runSequentially(SuiteRunner.java:450)
at org.testng.SuiteRunner.privateRun(SuiteRunner.java:415)
at org.testng.SuiteRunner.run(SuiteRunner.java:364)
at org.testng.SuiteRunnerWorker.runSuite(SuiteRunnerWorker.java:52)
at org.testng.SuiteRunnerWorker.run(SuiteRunnerWorker.java:84)
at org.testng.TestNG.runSuitesSequentially(TestNG.java:1208)
at org.testng.TestNG.runSuitesLocally(TestNG.java:1137)
at org.testng.TestNG.runSuites(TestNG.java:1049)
at org.testng.TestNG.run(TestNG.java:1017)
at org.testng.remote.AbstractRemoteTestNG.run(AbstractRemoteTestNG.java:114)
at org.testng.remote.RemoteTestNG.initAndRun(RemoteTestNG.java:251)
at org.testng.remote.RemoteTestNG.main(RemoteTestNG.java:77)
]]>
            </full-stacktrace>
          </exception> <!-- java.lang.NullPointerException -->
          <reporter-output>
          </reporter-output>
        </test-method> <!-- testScenarioTwo -->
        <test-method status="FAIL" signature="testScenarioTwo(java.lang.String, java.lang.String, java.lang.String, java.lang.String, java.lang.String, java.lang.String, java.lang.String, java.lang.String, java.lang.String)[pri:0, instance:com_hackathon_test.GroupGifting@710726a3]" name="testScenarioTwo" duration-ms="70" started-at="2020-11-01T05:31:51Z" data-provider="testTwoData" finished-at="2020-11-01T05:31:51Z">
          <params>
            <param index="0">
              <value>
                <![CDATA[2000]]>
              </value>
            </param>
            <param index="1">
              <value>
                <![CDATA[2]]>
              </value>
            </param>
            <param index="2">
              <value>
                <![CDATA[Mexi Columbus]]>
              </value>
            </param>
            <param index="3">
              <value>
                <![CDATA[max@gmail.com]]>
              </value>
            </param>
            <param index="4">
              <value>
                <![CDATA[9831231231]]>
              </value>
            </param>
            <param index="5">
              <value>
                <![CDATA[Malica jenry]]>
              </value>
            </param>
            <param index="6">
              <value>
                <![CDATA[..com]]>
              </value>
            </param>
            <param index="7">
              <value>
                <![CDATA[asgfjom]]>
              </value>
            </param>
            <param index="8">
              <value>
                <![CDATA[0]]>
              </value>
            </param>
          </params>
          <exception class="java.lang.NullPointerException">
            <full-stacktrace>
              <![CDATA[java.lang.NullPointerException
at com_hackathon_base.baseUI.takeScreenShotOnFailure(baseUI.java:435)
at com_hackathon_base.baseUI.reportFail(baseUI.java:424)
at com_hackathon_base.baseUI.invokeBrowser(baseUI.java:101)
at com_hackathon_test.GroupGifting.testScenarioTwo(GroupGifting.java:20)
at sun.reflect.NativeMethodAccessorImpl.invoke0(Native Method)
at sun.reflect.NativeMethodAccessorImpl.invoke(NativeMethodAccessorImpl.java:62)
at sun.reflect.DelegatingMethodAccessorImpl.invoke(DelegatingMethodAccessorImpl.java:43)
at java.lang.reflect.Method.invoke(Method.java:498)
at org.testng.internal.MethodInvocationHelper.invokeMethod(MethodInvocationHelper.java:124)
at org.testng.internal.Invoker.invokeMethod(Invoker.java:583)
at org.testng.internal.Invoker.invokeTestMethod(Invoker.java:719)
at org.testng.internal.Invoker.invokeTestMethods(Invoker.java:989)
at org.testng.internal.TestMethodWorker.invokeTestMethods(TestMethodWorker.java:125)
at org.testng.internal.TestMethodWorker.run(TestMethodWorker.java:109)
at org.testng.TestRunner.privateRun(TestRunner.java:648)
at org.testng.TestRunner.run(TestRunner.java:505)
at org.testng.SuiteRunner.runTest(SuiteRunner.java:455)
at org.testng.SuiteRunner.runSequentially(SuiteRunner.java:450)
at org.testng.SuiteRunner.privateRun(SuiteRunner.java:415)
at org.testng.SuiteRunner.run(SuiteRunner.java:364)
at org.testng.SuiteRunnerWorker.runSuite(SuiteRunnerWorker.java:52)
at org.testng.SuiteRunnerWorker.run(SuiteRunnerWorker.java:84)
at org.testng.TestNG.runSuitesSequentially(TestNG.java:1208)
at org.testng.TestNG.runSuitesLocally(TestNG.java:1137)
at org.testng.TestNG.runSuites(TestNG.java:1049)
at org.testng.TestNG.run(TestNG.java:1017)
at org.testng.remote.AbstractRemoteTestNG.run(AbstractRemoteTestNG.java:114)
at org.testng.remote.RemoteTestNG.initAndRun(RemoteTestNG.java:251)
at org.testng.remote.RemoteTestNG.main(RemoteTestNG.java:77)
]]>
            </full-stacktrace>
          </exception> <!-- java.lang.NullPointerException -->
          <reporter-output>
          </reporter-output>
        </test-method> <!-- testScenarioTwo -->
        <test-method status="FAIL" signature="testScenarioTwo(java.lang.String, java.lang.String, java.lang.String, java.lang.String, java.lang.String, java.lang.String, java.lang.String, java.lang.String, java.lang.String)[pri:0, instance:com_hackathon_test.GroupGifting@710726a3]" name="testScenarioTwo" duration-ms="61" started-at="2020-11-01T05:31:51Z" data-provider="testTwoData" finished-at="2020-11-01T05:31:51Z">
          <params>
            <param index="0">
              <value>
                <![CDATA[1000]]>
              </value>
            </param>
            <param index="1">
              <value>
                <![CDATA[6]]>
              </value>
            </param>
            <param index="2">
              <value>
                <![CDATA[Brownn gopes]]>
              </value>
            </param>
            <param index="3">
              <value>
                <![CDATA[gopes@gmail.com]]>
              </value>
            </param>
            <param index="4">
              <value>
                <![CDATA[9931231231]]>
              </value>
            </param>
            <param index="5">
              <value>
                <![CDATA[Yuzeka nohara]]>
              </value>
            </param>
            <param index="6">
              <value>
                <![CDATA[dfgdf.com]]>
              </value>
            </param>
            <param index="7">
              <value>
                <![CDATA[s]]>
              </value>
            </param>
            <param index="8">
              <value>
                <![CDATA[8909876780]]>
              </value>
            </param>
          </params>
          <exception class="java.lang.NullPointerException">
            <full-stacktrace>
              <![CDATA[java.lang.NullPointerException
at com_hackathon_base.baseUI.takeScreenShotOnFailure(baseUI.java:435)
at com_hackathon_base.baseUI.reportFail(baseUI.java:424)
at com_hackathon_base.baseUI.invokeBrowser(baseUI.java:101)
at com_hackathon_test.GroupGifting.testScenarioTwo(GroupGifting.java:20)
at sun.reflect.NativeMethodAccessorImpl.invoke0(Native Method)
at sun.reflect.NativeMethodAccessorImpl.invoke(NativeMethodAccessorImpl.java:62)
at sun.reflect.DelegatingMethodAccessorImpl.invoke(DelegatingMethodAccessorImpl.java:43)
at java.lang.reflect.Method.invoke(Method.java:498)
at org.testng.internal.MethodInvocationHelper.invokeMethod(MethodInvocationHelper.java:124)
at org.testng.internal.Invoker.invokeMethod(Invoker.java:583)
at org.testng.internal.Invoker.invokeTestMethod(Invoker.java:719)
at org.testng.internal.Invoker.invokeTestMethods(Invoker.java:989)
at org.testng.internal.TestMethodWorker.invokeTestMethods(TestMethodWorker.java:125)
at org.testng.internal.TestMethodWorker.run(TestMethodWorker.java:109)
at org.testng.TestRunner.privateRun(TestRunner.java:648)
at org.testng.TestRunner.run(TestRunner.java:505)
at org.testng.SuiteRunner.runTest(SuiteRunner.java:455)
at org.testng.SuiteRunner.runSequentially(SuiteRunner.java:450)
at org.testng.SuiteRunner.privateRun(SuiteRunner.java:415)
at org.testng.SuiteRunner.run(SuiteRunner.java:364)
at org.testng.SuiteRunnerWorker.runSuite(SuiteRunnerWorker.java:52)
at org.testng.SuiteRunnerWorker.run(SuiteRunnerWorker.java:84)
at org.testng.TestNG.runSuitesSequentially(TestNG.java:1208)
at org.testng.TestNG.runSuitesLocally(TestNG.java:1137)
at org.testng.TestNG.runSuites(TestNG.java:1049)
at org.testng.TestNG.run(TestNG.java:1017)
at org.testng.remote.AbstractRemoteTestNG.run(AbstractRemoteTestNG.java:114)
at org.testng.remote.RemoteTestNG.initAndRun(RemoteTestNG.java:251)
at org.testng.remote.RemoteTestNG.main(RemoteTestNG.java:77)
]]>
            </full-stacktrace>
          </exception> <!-- java.lang.NullPointerException -->
          <reporter-output>
          </reporter-output>
        </test-method> <!-- testScenarioTwo -->
        <test-method status="FAIL" signature="testScenarioTwo(java.lang.String, java.lang.String, java.lang.String, java.lang.String, java.lang.String, java.lang.String, java.lang.String, java.lang.String, java.lang.String)[pri:0, instance:com_hackathon_test.GroupGifting@710726a3]" name="testScenarioTwo" duration-ms="82" started-at="2020-11-01T05:31:51Z" data-provider="testTwoData" finished-at="2020-11-01T05:31:51Z">
          <params>
            <param index="0">
              <value>
                <![CDATA[1000]]>
              </value>
            </param>
            <param index="1">
              <value>
                <![CDATA[6]]>
              </value>
            </param>
            <param index="2">
              <value>
                <![CDATA[john gopes]]>
              </value>
            </param>
            <param index="3">
              <value>
                <![CDATA[john@gmail.com]]>
              </value>
            </param>
            <param index="4">
              <value>
                <![CDATA[1231231231]]>
              </value>
            </param>
            <param index="5">
              <value>
                <![CDATA[Suezeka nohara]]>
              </value>
            </param>
            <param index="6">
              <value>
                <![CDATA[sugdfgdf.com]]>
              </value>
            </param>
            <param index="7">
              <value>
                <![CDATA[sugdfgdf.com]]>
              </value>
            </param>
            <param index="8">
              <value>
                <![CDATA[8909876780]]>
              </value>
            </param>
          </params>
          <exception class="java.lang.NullPointerException">
            <full-stacktrace>
              <![CDATA[java.lang.NullPointerException
at com_hackathon_base.baseUI.takeScreenShotOnFailure(baseUI.java:435)
at com_hackathon_base.baseUI.reportFail(baseUI.java:424)
at com_hackathon_base.baseUI.invokeBrowser(baseUI.java:101)
at com_hackathon_test.GroupGifting.testScenarioTwo(GroupGifting.java:20)
at sun.reflect.NativeMethodAccessorImpl.invoke0(Native Method)
at sun.reflect.NativeMethodAccessorImpl.invoke(NativeMethodAccessorImpl.java:62)
at sun.reflect.DelegatingMethodAccessorImpl.invoke(DelegatingMethodAccessorImpl.java:43)
at java.lang.reflect.Method.invoke(Method.java:498)
at org.testng.internal.MethodInvocationHelper.invokeMethod(MethodInvocationHelper.java:124)
at org.testng.internal.Invoker.invokeMethod(Invoker.java:583)
at org.testng.internal.Invoker.invokeTestMethod(Invoker.java:719)
at org.testng.internal.Invoker.invokeTestMethods(Invoker.java:989)
at org.testng.internal.TestMethodWorker.invokeTestMethods(TestMethodWorker.java:125)
at org.testng.internal.TestMethodWorker.run(TestMethodWorker.java:109)
at org.testng.TestRunner.privateRun(TestRunner.java:648)
at org.testng.TestRunner.run(TestRunner.java:505)
at org.testng.SuiteRunner.runTest(SuiteRunner.java:455)
at org.testng.SuiteRunner.runSequentially(SuiteRunner.java:450)
at org.testng.SuiteRunner.privateRun(SuiteRunner.java:415)
at org.testng.SuiteRunner.run(SuiteRunner.java:364)
at org.testng.SuiteRunnerWorker.runSuite(SuiteRunnerWorker.java:52)
at org.testng.SuiteRunnerWorker.run(SuiteRunnerWorker.java:84)
at org.testng.TestNG.runSuitesSequentially(TestNG.java:1208)
at org.testng.TestNG.runSuitesLocally(TestNG.java:1137)
at org.testng.TestNG.runSuites(TestNG.java:1049)
at org.testng.TestNG.run(TestNG.java:1017)
at org.testng.remote.AbstractRemoteTestNG.run(AbstractRemoteTestNG.java:114)
at org.testng.remote.RemoteTestNG.initAndRun(RemoteTestNG.java:251)
at org.testng.remote.RemoteTestNG.main(RemoteTestNG.java:77)
]]>
            </full-stacktrace>
          </exception> <!-- java.lang.NullPointerException -->
          <reporter-output>
          </reporter-output>
        </test-method> <!-- testScenarioTwo -->
        <test-method status="FAIL" signature="testScenarioTwo(java.lang.String, java.lang.String, java.lang.String, java.lang.String, java.lang.String, java.lang.String, java.lang.String, java.lang.String, java.lang.String)[pri:0, instance:com_hackathon_test.GroupGifting@710726a3]" name="testScenarioTwo" duration-ms="93" started-at="2020-11-01T05:31:51Z" data-provider="testTwoData" finished-at="2020-11-01T05:31:51Z">
          <params>
            <param index="0">
              <value>
                <![CDATA[1000]]>
              </value>
            </param>
            <param index="1">
              <value>
                <![CDATA[6]]>
              </value>
            </param>
            <param index="2">
              <value>
                <![CDATA[john gopes]]>
              </value>
            </param>
            <param index="3">
              <value>
                <![CDATA[john@gmail.com]]>
              </value>
            </param>
            <param index="4">
              <value>
                <![CDATA[1231231231]]>
              </value>
            </param>
            <param index="5">
              <value>
                <![CDATA[Suezeka nohara]]>
              </value>
            </param>
            <param index="6">
              <value>
                <![CDATA[sugdfgdf.com]]>
              </value>
            </param>
            <param index="7">
              <value>
                <![CDATA[sugdfgdf.com]]>
              </value>
            </param>
            <param index="8">
              <value>
                <![CDATA[8909876780]]>
              </value>
            </param>
          </params>
          <exception class="java.lang.NullPointerException">
            <full-stacktrace>
              <![CDATA[java.lang.NullPointerException
at com_hackathon_base.baseUI.takeScreenShotOnFailure(baseUI.java:435)
at com_hackathon_base.baseUI.reportFail(baseUI.java:424)
at com_hackathon_base.baseUI.invokeBrowser(baseUI.java:101)
at com_hackathon_test.GroupGifting.testScenarioTwo(GroupGifting.java:20)
at sun.reflect.NativeMethodAccessorImpl.invoke0(Native Method)
at sun.reflect.NativeMethodAccessorImpl.invoke(NativeMethodAccessorImpl.java:62)
at sun.reflect.DelegatingMethodAccessorImpl.invoke(DelegatingMethodAccessorImpl.java:43)
at java.lang.reflect.Method.invoke(Method.java:498)
at org.testng.internal.MethodInvocationHelper.invokeMethod(MethodInvocationHelper.java:124)
at org.testng.internal.Invoker.invokeMethod(Invoker.java:583)
at org.testng.internal.Invoker.invokeTestMethod(Invoker.java:719)
at org.testng.internal.Invoker.invokeTestMethods(Invoker.java:989)
at org.testng.internal.TestMethodWorker.invokeTestMethods(TestMethodWorker.java:125)
at org.testng.internal.TestMethodWorker.run(TestMethodWorker.java:109)
at org.testng.TestRunner.privateRun(TestRunner.java:648)
at org.testng.TestRunner.run(TestRunner.java:505)
at org.testng.SuiteRunner.runTest(SuiteRunner.java:455)
at org.testng.SuiteRunner.runSequentially(SuiteRunner.java:450)
at org.testng.SuiteRunner.privateRun(SuiteRunner.java:415)
at org.testng.SuiteRunner.run(SuiteRunner.java:364)
at org.testng.SuiteRunnerWorker.runSuite(SuiteRunnerWorker.java:52)
at org.testng.SuiteRunnerWorker.run(SuiteRunnerWorker.java:84)
at org.testng.TestNG.runSuitesSequentially(TestNG.java:1208)
at org.testng.TestNG.runSuitesLocally(TestNG.java:1137)
at org.testng.TestNG.runSuites(TestNG.java:1049)
at org.testng.TestNG.run(TestNG.java:1017)
at org.testng.remote.AbstractRemoteTestNG.run(AbstractRemoteTestNG.java:114)
at org.testng.remote.RemoteTestNG.initAndRun(RemoteTestNG.java:251)
at org.testng.remote.RemoteTestNG.main(RemoteTestNG.java:77)
]]>
            </full-stacktrace>
          </exception> <!-- java.lang.NullPointerException -->
          <reporter-output>
          </reporter-output>
        </test-method> <!-- testScenarioTwo -->
        <test-method status="FAIL" signature="testScenarioTwo(java.lang.String, java.lang.String, java.lang.String, java.lang.String, java.lang.String, java.lang.String, java.lang.String, java.lang.String, java.lang.String)[pri:0, instance:com_hackathon_test.GroupGifting@710726a3]" name="testScenarioTwo" duration-ms="57" started-at="2020-11-01T05:31:51Z" data-provider="testTwoData" finished-at="2020-11-01T05:31:52Z">
          <params>
            <param index="0">
              <value>
                <![CDATA[2000]]>
              </value>
            </param>
            <param index="1">
              <value>
                <![CDATA[6]]>
              </value>
            </param>
            <param index="2">
              <value>
                <![CDATA[Drohny gopes]]>
              </value>
            </param>
            <param index="3">
              <value>
                <![CDATA[dnhn@gmail.com]]>
              </value>
            </param>
            <param index="4">
              <value>
                <![CDATA[2031231231]]>
              </value>
            </param>
            <param index="5">
              <value>
                <![CDATA[Hazeka Kafin]]>
              </value>
            </param>
            <param index="6">
              <value>
                <![CDATA[sugd]]>
              </value>
            </param>
            <param index="7">
              <value>
                <![CDATA[om]]>
              </value>
            </param>
            <param index="8">
              <value>
                <![CDATA[8909876780]]>
              </value>
            </param>
          </params>
          <exception class="java.lang.NullPointerException">
            <full-stacktrace>
              <![CDATA[java.lang.NullPointerException
at com_hackathon_base.baseUI.takeScreenShotOnFailure(baseUI.java:435)
at com_hackathon_base.baseUI.reportFail(baseUI.java:424)
at com_hackathon_base.baseUI.invokeBrowser(baseUI.java:101)
at com_hackathon_test.GroupGifting.testScenarioTwo(GroupGifting.java:20)
at sun.reflect.NativeMethodAccessorImpl.invoke0(Native Method)
at sun.reflect.NativeMethodAccessorImpl.invoke(NativeMethodAccessorImpl.java:62)
at sun.reflect.DelegatingMethodAccessorImpl.invoke(DelegatingMethodAccessorImpl.java:43)
at java.lang.reflect.Method.invoke(Method.java:498)
at org.testng.internal.MethodInvocationHelper.invokeMethod(MethodInvocationHelper.java:124)
at org.testng.internal.Invoker.invokeMethod(Invoker.java:583)
at org.testng.internal.Invoker.invokeTestMethod(Invoker.java:719)
at org.testng.internal.Invoker.invokeTestMethods(Invoker.java:989)
at org.testng.internal.TestMethodWorker.invokeTestMethods(TestMethodWorker.java:125)
at org.testng.internal.TestMethodWorker.run(TestMethodWorker.java:109)
at org.testng.TestRunner.privateRun(TestRunner.java:648)
at org.testng.TestRunner.run(TestRunner.java:505)
at org.testng.SuiteRunner.runTest(SuiteRunner.java:455)
at org.testng.SuiteRunner.runSequentially(SuiteRunner.java:450)
at org.testng.SuiteRunner.privateRun(SuiteRunner.java:415)
at org.testng.SuiteRunner.run(SuiteRunner.java:364)
at org.testng.SuiteRunnerWorker.runSuite(SuiteRunnerWorker.java:52)
at org.testng.SuiteRunnerWorker.run(SuiteRunnerWorker.java:84)
at org.testng.TestNG.runSuitesSequentially(TestNG.java:1208)
at org.testng.TestNG.runSuitesLocally(TestNG.java:1137)
at org.testng.TestNG.runSuites(TestNG.java:1049)
at org.testng.TestNG.run(TestNG.java:1017)
at org.testng.remote.AbstractRemoteTestNG.run(AbstractRemoteTestNG.java:114)
at org.testng.remote.RemoteTestNG.initAndRun(RemoteTestNG.java:251)
at org.testng.remote.RemoteTestNG.main(RemoteTestNG.java:77)
]]>
            </full-stacktrace>
          </exception> <!-- java.lang.NullPointerException -->
          <reporter-output>
          </reporter-output>
        </test-method> <!-- testScenarioTwo -->
        <test-method status="FAIL" signature="testScenarioTwo(java.lang.String, java.lang.String, java.lang.String, java.lang.String, java.lang.String, java.lang.String, java.lang.String, java.lang.String, java.lang.String)[pri:0, instance:com_hackathon_test.GroupGifting@710726a3]" name="testScenarioTwo" duration-ms="56" started-at="2020-11-01T05:31:52Z" data-provider="testTwoData" finished-at="2020-11-01T05:31:52Z">
          <params>
            <param index="0">
              <value>
                <![CDATA[1000]]>
              </value>
            </param>
            <param index="1">
              <value>
                <![CDATA[2]]>
              </value>
            </param>
            <param index="2">
              <value>
                <![CDATA[Nancy gopes]]>
              </value>
            </param>
            <param index="3">
              <value>
                <![CDATA[nan@gmail.com]]>
              </value>
            </param>
            <param index="4">
              <value>
                <![CDATA[9090231231]]>
              </value>
            </param>
            <param index="5">
              <value>
                <![CDATA[Priya sinha]]>
              </value>
            </param>
            <param index="6">
              <value>
                <![CDATA[yahoo]]>
              </value>
            </param>
            <param index="7">
              <value>
                <![CDATA[yahoo]]>
              </value>
            </param>
            <param index="8">
              <value>
                <![CDATA[8909876780]]>
              </value>
            </param>
          </params>
          <exception class="java.lang.NullPointerException">
            <full-stacktrace>
              <![CDATA[java.lang.NullPointerException
at com_hackathon_base.baseUI.takeScreenShotOnFailure(baseUI.java:435)
at com_hackathon_base.baseUI.reportFail(baseUI.java:424)
at com_hackathon_base.baseUI.invokeBrowser(baseUI.java:101)
at com_hackathon_test.GroupGifting.testScenarioTwo(GroupGifting.java:20)
at sun.reflect.NativeMethodAccessorImpl.invoke0(Native Method)
at sun.reflect.NativeMethodAccessorImpl.invoke(NativeMethodAccessorImpl.java:62)
at sun.reflect.DelegatingMethodAccessorImpl.invoke(DelegatingMethodAccessorImpl.java:43)
at java.lang.reflect.Method.invoke(Method.java:498)
at org.testng.internal.MethodInvocationHelper.invokeMethod(MethodInvocationHelper.java:124)
at org.testng.internal.Invoker.invokeMethod(Invoker.java:583)
at org.testng.internal.Invoker.invokeTestMethod(Invoker.java:719)
at org.testng.internal.Invoker.invokeTestMethods(Invoker.java:989)
at org.testng.internal.TestMethodWorker.invokeTestMethods(TestMethodWorker.java:125)
at org.testng.internal.TestMethodWorker.run(TestMethodWorker.java:109)
at org.testng.TestRunner.privateRun(TestRunner.java:648)
at org.testng.TestRunner.run(TestRunner.java:505)
at org.testng.SuiteRunner.runTest(SuiteRunner.java:455)
at org.testng.SuiteRunner.runSequentially(SuiteRunner.java:450)
at org.testng.SuiteRunner.privateRun(SuiteRunner.java:415)
at org.testng.SuiteRunner.run(SuiteRunner.java:364)
at org.testng.SuiteRunnerWorker.runSuite(SuiteRunnerWorker.java:52)
at org.testng.SuiteRunnerWorker.run(SuiteRunnerWorker.java:84)
at org.testng.TestNG.runSuitesSequentially(TestNG.java:1208)
at org.testng.TestNG.runSuitesLocally(TestNG.java:1137)
at org.testng.TestNG.runSuites(TestNG.java:1049)
at org.testng.TestNG.run(TestNG.java:1017)
at org.testng.remote.AbstractRemoteTestNG.run(AbstractRemoteTestNG.java:114)
at org.testng.remote.RemoteTestNG.initAndRun(RemoteTestNG.java:251)
at org.testng.remote.RemoteTestNG.main(RemoteTestNG.java:77)
]]>
            </full-stacktrace>
          </exception> <!-- java.lang.NullPointerException -->
          <reporter-output>
          </reporter-output>
        </test-method> <!-- testScenarioTwo -->
        <test-method status="PASS" signature="endReport()[pri:0, instance:com_hackathon_test.GroupGifting@710726a3]" name="endReport" is-config="true" duration-ms="734" started-at="2020-11-01T05:31:52Z" finished-at="2020-11-01T05:31:52Z">
          <reporter-output>
          </reporter-output>
        </test-method> <!-- endReport -->
      </class> <!-- com_hackathon_test.GroupGifting -->
    </test> <!-- Default test -->
  </suite> <!-- Default suite -->
</testng-results>
